Using pre-set license
Built from '2020.2/staging' branch; Version is '2020.2.5f1 (e2c53f129de5) revision 14861631'; Using compiler version '192528614'; Build Type 'Release'
OS: 'Windows 10 Home; OS build 18363.1256; Version 1909; 64bit' Language: 'nl' Physical Memory: 16303 MB
BatchMode: 1, IsHumanControllingUs: 0, StartBugReporterOnCrash: 0, Is64bit: 1, IsPro: 0

 COMMAND LINE ARGUMENTS:
C:\Program Files\Unity\Hub\Editor\2020.2.5f1\Editor\Unity.exe
-adb2
-batchMode
-noUpm
-name
AssetImportWorker0
-projectPath
C:/Games/Unity/magic-ball-game
-logFile
Logs/AssetImportWorker0.log
-srvPort
60632
Successfully changed project path to: C:/Games/Unity/magic-ball-game
C:/Games/Unity/magic-ball-game
Using Asset Import Pipeline V2.
Refreshing native plugins compatible for Editor in 24.34 ms, found 0 plugins.
Preloading 0 native plugins for Editor in 0.00 ms.
Initialize engine version: 2020.2.5f1 (e2c53f129de5)
[Subsystems] Discovering subsystems at path C:/Program Files/Unity/Hub/Editor/2020.2.5f1/Editor/Data/Resources/UnitySubsystems
[Subsystems] Discovering subsystems at path C:/Games/Unity/magic-ball-game/Assets
GfxDevice: creating device client; threaded=0
Direct3D:
    Version:  Direct3D 11.0 [level 11.1]
    Renderer: NVIDIA GeForce RTX 2060 (ID=0x1f11)
    Vendor:   
    VRAM:     5980 MB
    Driver:   26.21.14.4223
Initialize mono
Mono path[0] = 'C:/Program Files/Unity/Hub/Editor/2020.2.5f1/Editor/Data/Managed'
Mono path[1] = 'C:/Program Files/Unity/Hub/Editor/2020.2.5f1/Editor/Data/MonoBleedingEdge/lib/mono/unityjit'
Mono config path = 'C:/Program Files/Unity/Hub/Editor/2020.2.5f1/Editor/Data/MonoBleedingEdge/etc'
Using monoOptions --debugger-agent=transport=dt_socket,embedding=1,server=y,suspend=n,address=127.0.0.1:56188
Begin MonoManager ReloadAssembly
Registering precompiled unity dll's ...
Register platform support module: C:/Program Files/Unity/Hub/Editor/2020.2.5f1/Editor/Data/PlaybackEngines/WindowsStandaloneSupport/UnityEditor.WindowsStandalone.Extensions.dll
Registered in 0.001916 seconds.
Native extension for WindowsStandalone target not found
Refreshing native plugins compatible for Editor in 26.96 ms, found 0 plugins.
Preloading 0 native plugins for Editor in 0.00 ms.
Invoked RoslynAnalysisRunner static constructor.
RoslynAnalysisRunner will not be running.
RoslynAnalysisRunner has terminated.
Mono: successfully reloaded assembly
- Completed reload, in  1.113 seconds
Platform modules already initialized, skipping
Registering precompiled user dll's ...
Registered in 0.000804 seconds.
Begin MonoManager ReloadAssembly
Native extension for WindowsStandalone target not found
Refreshing native plugins compatible for Editor in 0.25 ms, found 0 plugins.
Preloading 0 native plugins for Editor in 0.00 ms.
Invoked RoslynAnalysisRunner static constructor.
RoslynAnalysisRunner will not be running.
RoslynAnalysisRunner has terminated.
Mono: successfully reloaded assembly
- Completed reload, in  0.829 seconds
Platform modules already initialized, skipping
========================================================================
Worker process is ready to serve import requests
Launched and connected shader compiler UnityShaderCompiler.exe after 0.04 seconds
Refreshing native plugins compatible for Editor in 0.37 ms, found 0 plugins.
Preloading 0 native plugins for Editor in 0.00 ms.
Unloading 1362 Unused Serialized files (Serialized files now loaded: 0)
System memory in use before: 69.4 MB.
System memory in use after: 69.5 MB.

Unloading 10 unused Assets to reduce memory usage. Loaded Objects now: 1807.
Total: 1.649900 ms (FindLiveObjects: 0.142800 ms CreateObjectMapping: 0.055000 ms MarkObjects: 1.391400 ms  DeleteObjects: 0.060000 ms)

========================================================================
Received Import Request.
  path: Assets/untitled.fbx
  artifactKey: Guid(3195c17469901e946a60ce0aae3ab8da) Importer(815301076,1909f56bfc062723c751e8b465ee728b)
Start importing Assets/untitled.fbx using Guid(3195c17469901e946a60ce0aae3ab8da) Importer(815301076,1909f56bfc062723c751e8b465ee728b)  -> (artifact id: 'e32c6b5a5bf4e2f3e8190a532d478707') in 0.163435 seconds
  Import took 0.165577 seconds .

========================================================================
Received Import Request.
  Time since last request: 30.723212 seconds.
  path: Assets/untitled.fbx
  artifactKey: Guid(3195c17469901e946a60ce0aae3ab8da) Importer(815301076,1909f56bfc062723c751e8b465ee728b)
Start importing Assets/untitled.fbx using Guid(3195c17469901e946a60ce0aae3ab8da) Importer(815301076,1909f56bfc062723c751e8b465ee728b)  -> (artifact id: '1e2b748e7921ff3ce02f7042e476f1b9') in 0.014702 seconds
  Import took 0.016944 seconds .

========================================================================
Received Import Request.
  Time since last request: 282.135449 seconds.
  path: Assets/Scripts/EnemyLookAt.cs
  artifactKey: Guid(f644df7f1a9ce9c448f9350adef4b068) Importer(815301076,1909f56bfc062723c751e8b465ee728b)
Start importing Assets/Scripts/EnemyLookAt.cs using Guid(f644df7f1a9ce9c448f9350adef4b068) Importer(815301076,1909f56bfc062723c751e8b465ee728b)  -> (artifact id: '00deb2e8d955af495f3fee481cee0515') in 0.013099 seconds
  Import took 0.016009 seconds .

========================================================================
Received Import Request.
  Time since last request: 17.098525 seconds.
  path: Assets/Scripts/EnemyLookAt.cs
  artifactKey: Guid(f644df7f1a9ce9c448f9350adef4b068) Importer(815301076,1909f56bfc062723c751e8b465ee728b)
Start importing Assets/Scripts/EnemyLookAt.cs using Guid(f644df7f1a9ce9c448f9350adef4b068) Importer(815301076,1909f56bfc062723c751e8b465ee728b)  -> (artifact id: '4efb798eefe469d24317b95d48704be7') in 0.002758 seconds
  Import took 0.005031 seconds .

========================================================================
Received Prepare
Registering precompiled user dll's ...
Registered in 0.000745 seconds.
Begin MonoManager ReloadAssembly
Native extension for WindowsStandalone target not found
Refreshing native plugins compatible for Editor in 0.22 ms, found 0 plugins.
Preloading 0 native plugins for Editor in 0.00 ms.
Invoked RoslynAnalysisRunner static constructor.
RoslynAnalysisRunner will not be running.
RoslynAnalysisRunner has terminated.
Mono: successfully reloaded assembly
- Completed reload, in  0.739 seconds
Platform modules already initialized, skipping
Refreshing native plugins compatible for Editor in 0.23 ms, found 0 plugins.
Preloading 0 native plugins for Editor in 0.00 ms.
Unloading 1328 Unused Serialized files (Serialized files now loaded: 0)
System memory in use before: 70.5 MB.
System memory in use after: 70.6 MB.

Unloading 6 unused Assets to reduce memory usage. Loaded Objects now: 1821.
Total: 1.452700 ms (FindLiveObjects: 0.116400 ms CreateObjectMapping: 0.035100 ms MarkObjects: 1.285200 ms  DeleteObjects: 0.015300 ms)

========================================================================
Received Prepare
Registering precompiled user dll's ...
Registered in 0.000694 seconds.
Begin MonoManager ReloadAssembly
Native extension for WindowsStandalone target not found
Refreshing native plugins compatible for Editor in 0.22 ms, found 0 plugins.
Preloading 0 native plugins for Editor in 0.00 ms.
Invoked RoslynAnalysisRunner static constructor.
RoslynAnalysisRunner will not be running.
RoslynAnalysisRunner has terminated.
Mono: successfully reloaded assembly
- Completed reload, in  0.693 seconds
Platform modules already initialized, skipping
Refreshing native plugins compatible for Editor in 0.22 ms, found 0 plugins.
Preloading 0 native plugins for Editor in 0.00 ms.
Unloading 1327 Unused Serialized files (Serialized files now loaded: 0)
System memory in use before: 70.5 MB.
System memory in use after: 70.6 MB.

Unloading 5 unused Assets to reduce memory usage. Loaded Objects now: 1823.
Total: 1.928700 ms (FindLiveObjects: 0.138300 ms CreateObjectMapping: 0.105900 ms MarkObjects: 1.670900 ms  DeleteObjects: 0.012900 ms)

========================================================================
Received Import Request.
  Time since last request: 47.062816 seconds.
  path: Assets/Scripts/EnemyLookAt.cs
  artifactKey: Guid(f644df7f1a9ce9c448f9350adef4b068) Importer(815301076,1909f56bfc062723c751e8b465ee728b)
Start importing Assets/Scripts/EnemyLookAt.cs using Guid(f644df7f1a9ce9c448f9350adef4b068) Importer(815301076,1909f56bfc062723c751e8b465ee728b)  -> (artifact id: '15ae7f5816af3481863e08aa3c78be82') in 0.004168 seconds
  Import took 0.006396 seconds .

========================================================================
Received Prepare
Registering precompiled user dll's ...
Registered in 0.000682 seconds.
Begin MonoManager ReloadAssembly
Native extension for WindowsStandalone target not found
Refreshing native plugins compatible for Editor in 0.22 ms, found 0 plugins.
Preloading 0 native plugins for Editor in 0.00 ms.
Invoked RoslynAnalysisRunner static constructor.
RoslynAnalysisRunner will not be running.
RoslynAnalysisRunner has terminated.
Mono: successfully reloaded assembly
- Completed reload, in  0.694 seconds
Platform modules already initialized, skipping
Refreshing native plugins compatible for Editor in 0.23 ms, found 0 plugins.
Preloading 0 native plugins for Editor in 0.00 ms.
Unloading 1327 Unused Serialized files (Serialized files now loaded: 0)
System memory in use before: 70.5 MB.
System memory in use after: 70.6 MB.

Unloading 5 unused Assets to reduce memory usage. Loaded Objects now: 1825.
Total: 1.566800 ms (FindLiveObjects: 0.123100 ms CreateObjectMapping: 0.037900 ms MarkObjects: 1.393000 ms  DeleteObjects: 0.012000 ms)

========================================================================
Received Prepare
Registering precompiled user dll's ...
Registered in 0.000697 seconds.
Begin MonoManager ReloadAssembly
Native extension for WindowsStandalone target not found
Refreshing native plugins compatible for Editor in 0.23 ms, found 0 plugins.
Preloading 0 native plugins for Editor in 0.00 ms.
Invoked RoslynAnalysisRunner static constructor.
RoslynAnalysisRunner will not be running.
RoslynAnalysisRunner has terminated.
Mono: successfully reloaded assembly
- Completed reload, in  0.699 seconds
Platform modules already initialized, skipping
Refreshing native plugins compatible for Editor in 0.22 ms, found 0 plugins.
Preloading 0 native plugins for Editor in 0.00 ms.
Unloading 1327 Unused Serialized files (Serialized files now loaded: 0)
System memory in use before: 70.5 MB.
System memory in use after: 70.6 MB.

Unloading 5 unused Assets to reduce memory usage. Loaded Objects now: 1827.
Total: 1.605700 ms (FindLiveObjects: 0.121600 ms CreateObjectMapping: 0.037600 ms MarkObjects: 1.431700 ms  DeleteObjects: 0.013900 ms)

========================================================================
Received Import Request.
  Time since last request: 185.272967 seconds.
  path: Assets/Assets
  artifactKey: Guid(306a59ddd7b15714b97b611929fabad9) Importer(815301076,1909f56bfc062723c751e8b465ee728b)
Start importing Assets/Assets using Guid(306a59ddd7b15714b97b611929fabad9) Importer(815301076,1909f56bfc062723c751e8b465ee728b)  -> (artifact id: '3198710167e50a2ab687d514c90dcbfb') in 0.008928 seconds
  Import took 0.011516 seconds .

========================================================================
Received Import Request.
  Time since last request: 0.606511 seconds.
  path: Assets/Assets/Mat
  artifactKey: Guid(7493c49322d0dbc43981cdaf98a933b6) Importer(815301076,1909f56bfc062723c751e8b465ee728b)
Start importing Assets/Assets/Mat using Guid(7493c49322d0dbc43981cdaf98a933b6) Importer(815301076,1909f56bfc062723c751e8b465ee728b)  -> (artifact id: 'bfeba5265698f873bbb7c0df5701cefb') in 0.007614 seconds
  Import took 0.010109 seconds .

========================================================================
Received Import Request.
  Time since last request: 0.060404 seconds.
  path: Assets/Assets/Mat/BallTexture.mat
  artifactKey: Guid(c1f75241bf0287846b7dd1d979eb252d) Importer(815301076,1909f56bfc062723c751e8b465ee728b)
Start importing Assets/Assets/Mat/BallTexture.mat using Guid(c1f75241bf0287846b7dd1d979eb252d) Importer(815301076,1909f56bfc062723c751e8b465ee728b)  -> (artifact id: '9ccabaef7d24ec948ef1979605bb7b94') in 0.070015 seconds
  Import took 0.072141 seconds .

========================================================================
Received Prepare
Registering precompiled user dll's ...
Registered in 0.000727 seconds.
Begin MonoManager ReloadAssembly
Native extension for WindowsStandalone target not found
Refreshing native plugins compatible for Editor in 0.34 ms, found 0 plugins.
Preloading 0 native plugins for Editor in 0.00 ms.
Invoked RoslynAnalysisRunner static constructor.
RoslynAnalysisRunner will not be running.
RoslynAnalysisRunner has terminated.
Mono: successfully reloaded assembly
- Completed reload, in  0.735 seconds
Platform modules already initialized, skipping
Refreshing native plugins compatible for Editor in 0.24 ms, found 0 plugins.
Preloading 0 native plugins for Editor in 0.00 ms.
Unloading 1327 Unused Serialized files (Serialized files now loaded: 0)
System memory in use before: 70.7 MB.
System memory in use after: 70.8 MB.

Unloading 5 unused Assets to reduce memory usage. Loaded Objects now: 1863.
Total: 1.920400 ms (FindLiveObjects: 0.137600 ms CreateObjectMapping: 0.040500 ms MarkObjects: 1.725900 ms  DeleteObjects: 0.015400 ms)

========================================================================
Received Import Request.
  Time since last request: 69.614851 seconds.
  path: Assets/Assets/Mat/Black.mat
  artifactKey: Guid(f21b4812b9d37ea4cb71708f9335abe9) Importer(815301076,1909f56bfc062723c751e8b465ee728b)
Start importing Assets/Assets/Mat/Black.mat using Guid(f21b4812b9d37ea4cb71708f9335abe9) Importer(815301076,1909f56bfc062723c751e8b465ee728b)  -> (artifact id: '54f8becfe0628b9dbee707e11a46feb0') in 0.059809 seconds
  Import took 0.062695 seconds .

========================================================================
Received Import Request.
  Time since last request: 31.897195 seconds.
  path: Assets/Assets/Mat/White.mat
  artifactKey: Guid(76e4ba9156f7aad419796627e009e1da) Importer(815301076,1909f56bfc062723c751e8b465ee728b)
Start importing Assets/Assets/Mat/White.mat using Guid(76e4ba9156f7aad419796627e009e1da) Importer(815301076,1909f56bfc062723c751e8b465ee728b)  -> (artifact id: '20bb8959d150c6b1abc661d8be73eb12') in 0.014912 seconds
  Import took 0.017937 seconds .

========================================================================
Received Import Request.
  Time since last request: 510.367382 seconds.
  path: Assets/Assets/Mat/Red.mat
  artifactKey: Guid(31cbb4320db5bf1409ded01c5c52182a) Importer(815301076,1909f56bfc062723c751e8b465ee728b)
Start importing Assets/Assets/Mat/Red.mat using Guid(31cbb4320db5bf1409ded01c5c52182a) Importer(815301076,1909f56bfc062723c751e8b465ee728b)  -> (artifact id: 'ce116553645270f160699e7e9e9a34cc') in 0.016294 seconds
  Import took 0.019535 seconds .

========================================================================
Received Import Request.
  Time since last request: 100.367259 seconds.
  path: Assets/Assets/Music+Sounds
  artifactKey: Guid(2446bd2d78738ca4d91f7728f1293512) Importer(815301076,1909f56bfc062723c751e8b465ee728b)
Start importing Assets/Assets/Music+Sounds using Guid(2446bd2d78738ca4d91f7728f1293512) Importer(815301076,1909f56bfc062723c751e8b465ee728b)  -> (artifact id: '3433c6ccc2d99293d664cb06b48247f5') in 0.008838 seconds
  Import took 0.011332 seconds .

========================================================================
Received Import Request.
  Time since last request: 5.717083 seconds.
  path: Assets/Assets/Shaders+PostProcessing
  artifactKey: Guid(345a8bd7514191b47b53ad5ee6e1a305) Importer(815301076,1909f56bfc062723c751e8b465ee728b)
Start importing Assets/Assets/Shaders+PostProcessing using Guid(345a8bd7514191b47b53ad5ee6e1a305) Importer(815301076,1909f56bfc062723c751e8b465ee728b)  -> (artifact id: '2db0f687df4f000e5deb16a6bf76c4f3') in 0.007642 seconds
  Import took 0.010921 seconds .

========================================================================
Received Import Request.
  Time since last request: 6.934340 seconds.
  path: Assets/Assets/Shaders+PostProcessing/MotionBlur.asset
  artifactKey: Guid(60da89905690cee459b590c78976e7c9) Importer(815301076,1909f56bfc062723c751e8b465ee728b)
Start importing Assets/Assets/Shaders+PostProcessing/MotionBlur.asset using Guid(60da89905690cee459b590c78976e7c9) Importer(815301076,1909f56bfc062723c751e8b465ee728b)  -> (artifact id: '28621a1c73c6df4dc3dabe2306643157') in 0.019865 seconds
  Import took 0.022231 seconds .

========================================================================
Received Import Request.
  Time since last request: 18.258301 seconds.
  path: Assets/Materials
  artifactKey: Guid(ac2458630d07d564aaef8784043b356a) Importer(815301076,1909f56bfc062723c751e8b465ee728b)
Start importing Assets/Materials using Guid(ac2458630d07d564aaef8784043b356a) Importer(815301076,1909f56bfc062723c751e8b465ee728b)  -> (artifact id: 'aa79074a2dd75eb83426a658a9681c62') in 0.007438 seconds
  Import took 0.009576 seconds .

========================================================================
Received Import Request.
  Time since last request: 0.039488 seconds.
  path: Assets/Materials/Material.001.mat
  artifactKey: Guid(7ffbab7970d4b484693515d0a7593c17) Importer(815301076,1909f56bfc062723c751e8b465ee728b)
Start importing Assets/Materials/Material.001.mat using Guid(7ffbab7970d4b484693515d0a7593c17) Importer(815301076,1909f56bfc062723c751e8b465ee728b)  -> (artifact id: '2641362664673d52b961a547c4f25dde') in 0.014926 seconds
  Import took 0.017479 seconds .

========================================================================
Received Import Request.
  Time since last request: 0.000325 seconds.
  path: Assets/Materials/Material.003.mat
  artifactKey: Guid(6234786cb840f7b4fb52c54ba4b2863f) Importer(815301076,1909f56bfc062723c751e8b465ee728b)
Start importing Assets/Materials/Material.003.mat using Guid(6234786cb840f7b4fb52c54ba4b2863f) Importer(815301076,1909f56bfc062723c751e8b465ee728b)  -> (artifact id: '120bf3e9a761d82afb29702e7e4f9aac') in 0.012569 seconds
  Import took 0.014645 seconds .

========================================================================
Received Import Request.
  Time since last request: 0.000293 seconds.
  path: Assets/Materials/Material.006.mat
  artifactKey: Guid(36290a9d403909d4080ac9c0b955efa1) Importer(815301076,1909f56bfc062723c751e8b465ee728b)
Start importing Assets/Materials/Material.006.mat using Guid(36290a9d403909d4080ac9c0b955efa1) Importer(815301076,1909f56bfc062723c751e8b465ee728b)  -> (artifact id: 'a7d049d261f7f723623753db98060206') in 0.031965 seconds
  Import took 0.033831 seconds .

========================================================================
Received Import Request.
  Time since last request: 6.875477 seconds.
  path: Assets/Assets/Mat/Black.mat
  artifactKey: Guid(f21b4812b9d37ea4cb71708f9335abe9) Importer(815301076,1909f56bfc062723c751e8b465ee728b)
Start importing Assets/Assets/Mat/Black.mat using Guid(f21b4812b9d37ea4cb71708f9335abe9) Importer(815301076,1909f56bfc062723c751e8b465ee728b)  -> (artifact id: 'd61428f9bcb151bf2eb6354eb52357a3') in 0.012256 seconds
  Import took 0.014857 seconds .

========================================================================
Received Import Request.
  Time since last request: 0.000320 seconds.
  path: Assets/Assets/Mat/White.mat
  artifactKey: Guid(76e4ba9156f7aad419796627e009e1da) Importer(815301076,1909f56bfc062723c751e8b465ee728b)
Start importing Assets/Assets/Mat/White.mat using Guid(76e4ba9156f7aad419796627e009e1da) Importer(815301076,1909f56bfc062723c751e8b465ee728b)  -> (artifact id: '09443e78185f3c3bd787f47656eef00a') in 0.013892 seconds
  Import took 0.015705 seconds .

========================================================================
Received Import Request.
  Time since last request: 0.000300 seconds.
  path: Assets/Assets/Mat/Red.mat
  artifactKey: Guid(31cbb4320db5bf1409ded01c5c52182a) Importer(815301076,1909f56bfc062723c751e8b465ee728b)
Start importing Assets/Assets/Mat/Red.mat using Guid(31cbb4320db5bf1409ded01c5c52182a) Importer(815301076,1909f56bfc062723c751e8b465ee728b)  -> (artifact id: 'e22cf5a7ef12d9a87dd8478de0ce63c7') in 0.020785 seconds
  Import took 0.022929 seconds .

========================================================================
Received Prepare
Registering precompiled user dll's ...
Registered in 0.001268 seconds.
Begin MonoManager ReloadAssembly
Native extension for WindowsStandalone target not found
Refreshing native plugins compatible for Editor in 0.22 ms, found 0 plugins.
Preloading 0 native plugins for Editor in 0.00 ms.
Invoked RoslynAnalysisRunner static constructor.
RoslynAnalysisRunner will not be running.
RoslynAnalysisRunner has terminated.
Mono: successfully reloaded assembly
- Completed reload, in  0.897 seconds
Platform modules already initialized, skipping
Refreshing native plugins compatible for Editor in 0.28 ms, found 0 plugins.
Preloading 0 native plugins for Editor in 0.00 ms.
Unloading 1327 Unused Serialized files (Serialized files now loaded: 0)
System memory in use before: 70.7 MB.
System memory in use after: 70.8 MB.

Unloading 5 unused Assets to reduce memory usage. Loaded Objects now: 1866.
Total: 1.838600 ms (FindLiveObjects: 0.161300 ms CreateObjectMapping: 0.033000 ms MarkObjects: 1.631000 ms  DeleteObjects: 0.012300 ms)

========================================================================
Received Prepare
Registering precompiled user dll's ...
Registered in 0.000901 seconds.
Begin MonoManager ReloadAssembly
Native extension for WindowsStandalone target not found
Refreshing native plugins compatible for Editor in 0.30 ms, found 0 plugins.
Preloading 0 native plugins for Editor in 0.00 ms.
Invoked RoslynAnalysisRunner static constructor.
RoslynAnalysisRunner will not be running.
RoslynAnalysisRunner has terminated.
Mono: successfully reloaded assembly
- Completed reload, in  0.974 seconds
Platform modules already initialized, skipping
Refreshing native plugins compatible for Editor in 0.37 ms, found 0 plugins.
Preloading 0 native plugins for Editor in 0.00 ms.
Unloading 1327 Unused Serialized files (Serialized files now loaded: 0)
System memory in use before: 70.7 MB.
System memory in use after: 70.9 MB.

Unloading 5 unused Assets to reduce memory usage. Loaded Objects now: 1868.
Total: 2.549900 ms (FindLiveObjects: 0.301800 ms CreateObjectMapping: 0.087800 ms MarkObjects: 2.131700 ms  DeleteObjects: 0.027400 ms)

========================================================================
Received Prepare
Registering precompiled user dll's ...
Registered in 0.001020 seconds.
Begin MonoManager ReloadAssembly
Native extension for WindowsStandalone target not found
Refreshing native plugins compatible for Editor in 0.28 ms, found 0 plugins.
Preloading 0 native plugins for Editor in 0.00 ms.
Invoked RoslynAnalysisRunner static constructor.
RoslynAnalysisRunner will not be running.
RoslynAnalysisRunner has terminated.
Mono: successfully reloaded assembly
- Completed reload, in  0.894 seconds
Platform modules already initialized, skipping
Refreshing native plugins compatible for Editor in 0.45 ms, found 0 plugins.
Preloading 0 native plugins for Editor in 0.00 ms.
Unloading 1327 Unused Serialized files (Serialized files now loaded: 0)
System memory in use before: 70.8 MB.
System memory in use after: 70.9 MB.

Unloading 5 unused Assets to reduce memory usage. Loaded Objects now: 1870.
Total: 2.914900 ms (FindLiveObjects: 0.208300 ms CreateObjectMapping: 0.045800 ms MarkObjects: 2.615900 ms  DeleteObjects: 0.043900 ms)

========================================================================
Received Import Request.
  Time since last request: 886.727219 seconds.
  path: Assets/Assets/Thirdparty/Gridbox Prototype Materials/Demo/Prototype Materials Demo/GI Blocker.mat
  artifactKey: Guid(f9a5ce4748e5abd4288cab387226ef27) Importer(815301076,1909f56bfc062723c751e8b465ee728b)
Start importing Assets/Assets/Thirdparty/Gridbox Prototype Materials/Demo/Prototype Materials Demo/GI Blocker.mat using Guid(f9a5ce4748e5abd4288cab387226ef27) Importer(815301076,1909f56bfc062723c751e8b465ee728b)  -> (artifact id: 'fe3e75f0db748b3a301f8af089fa3870') in 0.099103 seconds
  Import took 0.102945 seconds .

========================================================================
Received Import Request.
  Time since last request: 2.636023 seconds.
  path: Assets/Assets/Thirdparty/Gridbox Prototype Materials/Resources/Materials/Prototype Grid/Prototype_512x512_Blue2.mat
  artifactKey: Guid(5e148de6cdf2d164aa3e3f90ce8c852c) Importer(815301076,1909f56bfc062723c751e8b465ee728b)
Start importing Assets/Assets/Thirdparty/Gridbox Prototype Materials/Resources/Materials/Prototype Grid/Prototype_512x512_Blue2.mat using Guid(5e148de6cdf2d164aa3e3f90ce8c852c) Importer(815301076,1909f56bfc062723c751e8b465ee728b)  -> (artifact id: '978b743f2654dd2efa10b62d2a3d9f2a') in 0.043892 seconds
  Import took 0.047295 seconds .

========================================================================
Received Import Request.
  Time since last request: 0.000463 seconds.
  path: Assets/Assets/Thirdparty/Gridbox Prototype Materials/Resources/Materials/Prototype Grid/Prototype_512x512_Red.mat
  artifactKey: Guid(5a26de236ce89e94b963be8fa2b7ade6) Importer(815301076,1909f56bfc062723c751e8b465ee728b)
Start importing Assets/Assets/Thirdparty/Gridbox Prototype Materials/Resources/Materials/Prototype Grid/Prototype_512x512_Red.mat using Guid(5a26de236ce89e94b963be8fa2b7ade6) Importer(815301076,1909f56bfc062723c751e8b465ee728b)  -> (artifact id: '75bc42674e04760b74c76c947de5185f') in 0.040359 seconds
  Import took 0.044002 seconds .

========================================================================
Received Import Request.
  Time since last request: 0.000434 seconds.
  path: Assets/Assets/Thirdparty/Gridbox Prototype Materials/Resources/Materials/Prototype Grid/Prototype_512x512_Grey3.mat
  artifactKey: Guid(17c44fb3e5be9644586a0728a5f5a386) Importer(815301076,1909f56bfc062723c751e8b465ee728b)
Start importing Assets/Assets/Thirdparty/Gridbox Prototype Materials/Resources/Materials/Prototype Grid/Prototype_512x512_Grey3.mat using Guid(17c44fb3e5be9644586a0728a5f5a386) Importer(815301076,1909f56bfc062723c751e8b465ee728b)  -> (artifact id: '2d326500fa1c10cd90c4ed36a65f9088') in 0.038632 seconds
  Import took 0.042132 seconds .

========================================================================
Received Import Request.
  Time since last request: 0.000345 seconds.
  path: Assets/Assets/Thirdparty/Gridbox Prototype Materials/Resources/Materials/Prototype Grid/Prototype_512x512_Grey4.mat
  artifactKey: Guid(8d530ffe6c4968843806085897955b9d) Importer(815301076,1909f56bfc062723c751e8b465ee728b)
Start importing Assets/Assets/Thirdparty/Gridbox Prototype Materials/Resources/Materials/Prototype Grid/Prototype_512x512_Grey4.mat using Guid(8d530ffe6c4968843806085897955b9d) Importer(815301076,1909f56bfc062723c751e8b465ee728b)  -> (artifact id: '5209a07ec8933666b00864f1f61a181d') in 0.028619 seconds
  Import took 0.032146 seconds .

========================================================================
Received Import Request.
  Time since last request: 0.000371 seconds.
  path: Assets/Assets/Thirdparty/Gridbox Prototype Materials/Resources/Materials/Prototype Grid/Prototype_512x512_Green1.mat
  artifactKey: Guid(79f64ed6f5d6d374d91c3a0af4070258) Importer(815301076,1909f56bfc062723c751e8b465ee728b)
Start importing Assets/Assets/Thirdparty/Gridbox Prototype Materials/Resources/Materials/Prototype Grid/Prototype_512x512_Green1.mat using Guid(79f64ed6f5d6d374d91c3a0af4070258) Importer(815301076,1909f56bfc062723c751e8b465ee728b)  -> (artifact id: '35a005e5e193c02c023429a0c7216f4a') in 0.037944 seconds
  Import took 0.041551 seconds .

========================================================================
Received Import Request.
  Time since last request: 0.000452 seconds.
  path: Assets/Assets/Thirdparty/Gridbox Prototype Materials/Resources/Materials/Prototype Grid/Prototype_512x512_Blue3.mat
  artifactKey: Guid(b0b4de3bd6e976e4f8b3adc6e72377ed) Importer(815301076,1909f56bfc062723c751e8b465ee728b)
Start importing Assets/Assets/Thirdparty/Gridbox Prototype Materials/Resources/Materials/Prototype Grid/Prototype_512x512_Blue3.mat using Guid(b0b4de3bd6e976e4f8b3adc6e72377ed) Importer(815301076,1909f56bfc062723c751e8b465ee728b)  -> (artifact id: 'f56872980a382667e784438ebdf01309') in 0.043704 seconds
  Import took 0.046624 seconds .

========================================================================
Received Import Request.
  Time since last request: 0.000329 seconds.
  path: Assets/Assets/Thirdparty/Gridbox Prototype Materials/Resources/Materials/Prototype Grid/Prototype_512x512_Orange.mat
  artifactKey: Guid(652107f36a28e44479c0b827dee5852a) Importer(815301076,1909f56bfc062723c751e8b465ee728b)
Start importing Assets/Assets/Thirdparty/Gridbox Prototype Materials/Resources/Materials/Prototype Grid/Prototype_512x512_Orange.mat using Guid(652107f36a28e44479c0b827dee5852a) Importer(815301076,1909f56bfc062723c751e8b465ee728b)  -> (artifact id: '7c428c857241ca8f3cf50c9bd5361b89') in 0.040459 seconds
  Import took 0.043402 seconds .

========================================================================
Received Import Request.
  Time since last request: 0.000372 seconds.
  path: Assets/Assets/Thirdparty/Gridbox Prototype Materials/Resources/Materials/Prototype Grid/Prototype_512x512_Cyan.mat
  artifactKey: Guid(cba66c276aed0874091de1c33eb3950d) Importer(815301076,1909f56bfc062723c751e8b465ee728b)
Start importing Assets/Assets/Thirdparty/Gridbox Prototype Materials/Resources/Materials/Prototype Grid/Prototype_512x512_Cyan.mat using Guid(cba66c276aed0874091de1c33eb3950d) Importer(815301076,1909f56bfc062723c751e8b465ee728b)  -> (artifact id: '95cd65fefb9928d3f5a8290f06daef35') in 0.040371 seconds
  Import took 0.043890 seconds .

========================================================================
Received Import Request.
  Time since last request: 0.000391 seconds.
  path: Assets/Assets/Thirdparty/Gridbox Prototype Materials/Resources/Materials/Prototype Grid/Prototype_512x512_Blue1.mat
  artifactKey: Guid(663834164c6a04740aaa1b778249ce7e) Importer(815301076,1909f56bfc062723c751e8b465ee728b)
Start importing Assets/Assets/Thirdparty/Gridbox Prototype Materials/Resources/Materials/Prototype Grid/Prototype_512x512_Blue1.mat using Guid(663834164c6a04740aaa1b778249ce7e) Importer(815301076,1909f56bfc062723c751e8b465ee728b)  -> (artifact id: 'a934f38fb97d32b4770d5bbb7b843ba1') in 0.042590 seconds
  Import took 0.046200 seconds .

========================================================================
Received Import Request.
  Time since last request: 0.000449 seconds.
  path: Assets/Particle Attractor by Moonflower Carnivore/Materials/particle trail additive intensify.mat
  artifactKey: Guid(5295231def6a41a49b341aee6a8fc803) Importer(815301076,1909f56bfc062723c751e8b465ee728b)
Start importing Assets/Particle Attractor by Moonflower Carnivore/Materials/particle trail additive intensify.mat using Guid(5295231def6a41a49b341aee6a8fc803) Importer(815301076,1909f56bfc062723c751e8b465ee728b)  -> (artifact id: '1f53d0eb66e237ca638b71971cd45ba5') in 0.025372 seconds
  Import took 0.028701 seconds .

========================================================================
Received Import Request.
  Time since last request: 0.000305 seconds.
  path: Assets/Particle Attractor by Moonflower Carnivore/Materials/particle trail additive.mat
  artifactKey: Guid(8e6e6541db82e4642963f499eefd07d3) Importer(815301076,1909f56bfc062723c751e8b465ee728b)
Start importing Assets/Particle Attractor by Moonflower Carnivore/Materials/particle trail additive.mat using Guid(8e6e6541db82e4642963f499eefd07d3) Importer(815301076,1909f56bfc062723c751e8b465ee728b)  -> (artifact id: '138b1ee8a1f36684f260d1461125688b') in 0.025489 seconds
  Import took 0.028803 seconds .

========================================================================
Received Import Request.
  Time since last request: 0.000224 seconds.
  path: Assets/Assets/Thirdparty/Gridbox Prototype Materials/Resources/Materials/Prototype Grid/Prototype_512x512_Green2.mat
  artifactKey: Guid(dbe80190c9adea34c8c8845ca4a17934) Importer(815301076,1909f56bfc062723c751e8b465ee728b)
Start importing Assets/Assets/Thirdparty/Gridbox Prototype Materials/Resources/Materials/Prototype Grid/Prototype_512x512_Green2.mat using Guid(dbe80190c9adea34c8c8845ca4a17934) Importer(815301076,1909f56bfc062723c751e8b465ee728b)  -> (artifact id: '310d53783d255d65e147b5948c61e931') in 0.041563 seconds
  Import took 0.044555 seconds .

========================================================================
Received Import Request.
  Time since last request: 0.000416 seconds.
  path: Assets/Assets/Thirdparty/Gridbox Prototype Materials/Resources/Materials/Prototype Grid/Prototype_512x512_Grey1.mat
  artifactKey: Guid(c181c23a6120fbe4aadd5bb53a58dd78) Importer(815301076,1909f56bfc062723c751e8b465ee728b)
Start importing Assets/Assets/Thirdparty/Gridbox Prototype Materials/Resources/Materials/Prototype Grid/Prototype_512x512_Grey1.mat using Guid(c181c23a6120fbe4aadd5bb53a58dd78) Importer(815301076,1909f56bfc062723c751e8b465ee728b)  -> (artifact id: 'fefc49cb67493539e9753454aca77f09') in 0.043583 seconds
  Import took 0.046390 seconds .

========================================================================
Received Import Request.
  Time since last request: 0.000399 seconds.
  path: Assets/Assets/Thirdparty/Gridbox Prototype Materials/Resources/Materials/Prototype Grid/Prototype_512x512_Purple.mat
  artifactKey: Guid(36bce9ab6cae8ce43962938466458044) Importer(815301076,1909f56bfc062723c751e8b465ee728b)
Start importing Assets/Assets/Thirdparty/Gridbox Prototype Materials/Resources/Materials/Prototype Grid/Prototype_512x512_Purple.mat using Guid(36bce9ab6cae8ce43962938466458044) Importer(815301076,1909f56bfc062723c751e8b465ee728b)  -> (artifact id: '40f93cdfe425a53c7b1c78417e2a2975') in 0.048176 seconds
  Import took 0.051715 seconds .

========================================================================
Received Import Request.
  Time since last request: 0.000479 seconds.
  path: Assets/Assets/Thirdparty/Gridbox Prototype Materials/Resources/Materials/Prototype Grid/Prototype_512x512_Yellow.mat
  artifactKey: Guid(c852af001dae0064e9acaa832f1dadb7) Importer(815301076,1909f56bfc062723c751e8b465ee728b)
Start importing Assets/Assets/Thirdparty/Gridbox Prototype Materials/Resources/Materials/Prototype Grid/Prototype_512x512_Yellow.mat using Guid(c852af001dae0064e9acaa832f1dadb7) Importer(815301076,1909f56bfc062723c751e8b465ee728b)  -> (artifact id: 'ae96f8e1ed28c134c02e07f00d173624') in 0.047100 seconds
  Import took 0.050142 seconds .

========================================================================
Received Import Request.
  Time since last request: 0.000226 seconds.
  path: Assets/Assets/Thirdparty/Gridbox Prototype Materials/Resources/Materials/Prototype Grid/Prototype_512x512_Grey2.mat
  artifactKey: Guid(07dc66ae04b7f6a43b9674bf0fefb33a) Importer(815301076,1909f56bfc062723c751e8b465ee728b)
Start importing Assets/Assets/Thirdparty/Gridbox Prototype Materials/Resources/Materials/Prototype Grid/Prototype_512x512_Grey2.mat using Guid(07dc66ae04b7f6a43b9674bf0fefb33a) Importer(815301076,1909f56bfc062723c751e8b465ee728b)  -> (artifact id: '3141433bac3e14d14aaaac75d8020704') in 0.044235 seconds
  Import took 0.047292 seconds .

========================================================================
Received Import Request.
  Time since last request: 0.000220 seconds.
  path: Assets/Assets/Thirdparty/Gridbox Prototype Materials/Resources/Materials/Prototype Grid/Prototype_512x512_Brown.mat
  artifactKey: Guid(a54b7ad866d3a9b47bbf3b53baa0acc4) Importer(815301076,1909f56bfc062723c751e8b465ee728b)
Start importing Assets/Assets/Thirdparty/Gridbox Prototype Materials/Resources/Materials/Prototype Grid/Prototype_512x512_Brown.mat using Guid(a54b7ad866d3a9b47bbf3b53baa0acc4) Importer(815301076,1909f56bfc062723c751e8b465ee728b)  -> (artifact id: '1442fb783aad08abbe40f039fa4cb7e5') in 0.039418 seconds
  Import took 0.042230 seconds .

========================================================================
Received Import Request.
  Time since last request: 0.073325 seconds.
  path: Assets/Particle Attractor by Moonflower Carnivore/Materials/glow_dot_add.mat
  artifactKey: Guid(25bd086592405bc4b85fb8280fe53759) Importer(815301076,1909f56bfc062723c751e8b465ee728b)
Start importing Assets/Particle Attractor by Moonflower Carnivore/Materials/glow_dot_add.mat using Guid(25bd086592405bc4b85fb8280fe53759) Importer(815301076,1909f56bfc062723c751e8b465ee728b)  -> (artifact id: 'be52359686d0c133cfadae881a30f4af') in 0.026728 seconds
  Import took 0.030169 seconds .

========================================================================
Received Import Request.
  Time since last request: 0.002576 seconds.
  path: Assets/Particle Attractor by Moonflower Carnivore/Materials/glow_dot_add.mat
  artifactKey: Guid(25bd086592405bc4b85fb8280fe53759) Importer(815301076,1909f56bfc062723c751e8b465ee728b)
Start importing Assets/Particle Attractor by Moonflower Carnivore/Materials/glow_dot_add.mat using Guid(25bd086592405bc4b85fb8280fe53759) Importer(815301076,1909f56bfc062723c751e8b465ee728b)  -> (artifact id: 'be52359686d0c133cfadae881a30f4af') in 0.019337 seconds
  Import took 0.022291 seconds .

========================================================================
Received Import Request.
  Time since last request: 2.180943 seconds.
  path: Assets/Assets/Thirdparty/Gridbox Prototype Materials/Resources/Materials/Skybox/Skybox Blue.mat
  artifactKey: Guid(d2f24bfdb0a758e41813bbc7ae4f978f) Importer(815301076,1909f56bfc062723c751e8b465ee728b)
Start importing Assets/Assets/Thirdparty/Gridbox Prototype Materials/Resources/Materials/Skybox/Skybox Blue.mat using Guid(d2f24bfdb0a758e41813bbc7ae4f978f) Importer(815301076,1909f56bfc062723c751e8b465ee728b)  -> (artifact id: '6db7c73d144ce3b4db1eef74747327fe') in 0.034867 seconds
  Import took 0.038581 seconds .

========================================================================
Received Import Request.
  Time since last request: 0.000469 seconds.
  path: Assets/Assets/Thirdparty/Gridbox Prototype Materials/Resources/Materials/Skybox/Skybox Grey.mat
  artifactKey: Guid(32be28fd0faea1641aff7ddbf194bb6a) Importer(815301076,1909f56bfc062723c751e8b465ee728b)
Start importing Assets/Assets/Thirdparty/Gridbox Prototype Materials/Resources/Materials/Skybox/Skybox Grey.mat using Guid(32be28fd0faea1641aff7ddbf194bb6a) Importer(815301076,1909f56bfc062723c751e8b465ee728b)  -> (artifact id: 'ba987700358c7bb53d08515755c5c140') in 0.029054 seconds
  Import took 0.031865 seconds .

========================================================================
Received Import Request.
  Time since last request: 0.000407 seconds.
  path: Assets/Assets/Thirdparty/Gridbox Prototype Materials/Resources/Materials/Skybox/Skybox Green.mat
  artifactKey: Guid(3f8d5e4fd826ec04293f64a40946a188) Importer(815301076,1909f56bfc062723c751e8b465ee728b)
Start importing Assets/Assets/Thirdparty/Gridbox Prototype Materials/Resources/Materials/Skybox/Skybox Green.mat using Guid(3f8d5e4fd826ec04293f64a40946a188) Importer(815301076,1909f56bfc062723c751e8b465ee728b)  -> (artifact id: '4fbf242d55d64fd0ac157abba06b3b89') in 0.029831 seconds
  Import took 0.032850 seconds .

========================================================================
Received Import Request.
  Time since last request: 0.000374 seconds.
  path: Assets/Assets/Thirdparty/Gridbox Prototype Materials/Resources/Materials/Skybox/Skybox Golden.mat
  artifactKey: Guid(3dd17ef8b3eba264ea4b016ffd09e334) Importer(815301076,1909f56bfc062723c751e8b465ee728b)
Start importing Assets/Assets/Thirdparty/Gridbox Prototype Materials/Resources/Materials/Skybox/Skybox Golden.mat using Guid(3dd17ef8b3eba264ea4b016ffd09e334) Importer(815301076,1909f56bfc062723c751e8b465ee728b)  -> (artifact id: '7b409616c384c0418ca8d7259fe38d74') in 0.031658 seconds
  Import took 0.034634 seconds .

========================================================================
Received Import Request.
  Time since last request: 0.000302 seconds.
  path: Assets/Assets/Thirdparty/Gridbox Prototype Materials/Resources/Materials/Skybox/Skybox Pink.mat
  artifactKey: Guid(e1466517f0324e543bdaa4af82c4cad0) Importer(815301076,1909f56bfc062723c751e8b465ee728b)
Start importing Assets/Assets/Thirdparty/Gridbox Prototype Materials/Resources/Materials/Skybox/Skybox Pink.mat using Guid(e1466517f0324e543bdaa4af82c4cad0) Importer(815301076,1909f56bfc062723c751e8b465ee728b)  -> (artifact id: 'f73a44d764fe5cc1cf09e6a29ea1437b') in 0.031103 seconds
  Import took 0.034064 seconds .

========================================================================
Received Prepare
Registering precompiled user dll's ...
Registered in 0.000929 seconds.
Begin MonoManager ReloadAssembly
Native extension for WindowsStandalone target not found
Refreshing native plugins compatible for Editor in 0.30 ms, found 0 plugins.
Preloading 0 native plugins for Editor in 0.00 ms.
Invoked RoslynAnalysisRunner static constructor.
RoslynAnalysisRunner will not be running.
RoslynAnalysisRunner has terminated.
Mono: successfully reloaded assembly
- Completed reload, in  0.843 seconds
Platform modules already initialized, skipping
Refreshing native plugins compatible for Editor in 0.31 ms, found 0 plugins.
Preloading 0 native plugins for Editor in 0.00 ms.
Unloading 1327 Unused Serialized files (Serialized files now loaded: 0)
System memory in use before: 70.8 MB.
System memory in use after: 70.9 MB.

Unloading 5 unused Assets to reduce memory usage. Loaded Objects now: 1873.
Total: 2.884300 ms (FindLiveObjects: 0.113000 ms CreateObjectMapping: 0.032300 ms MarkObjects: 2.700400 ms  DeleteObjects: 0.037800 ms)

========================================================================
Received Import Request.
  Time since last request: 113.671011 seconds.
  path: Assets/Assets/Mat/YellowDrift.mat
  artifactKey: Guid(bf31376ebc78ac749a4da2b23286e6b6) Importer(815301076,1909f56bfc062723c751e8b465ee728b)
Start importing Assets/Assets/Mat/YellowDrift.mat using Guid(bf31376ebc78ac749a4da2b23286e6b6) Importer(815301076,1909f56bfc062723c751e8b465ee728b)  -> (artifact id: '738225c58330d6843e27868548b16762') in 0.061362 seconds
  Import took 0.063691 seconds .

========================================================================
Received Import Request.
  Time since last request: 143.532290 seconds.
  path: Assets/Capsule.prefab
  artifactKey: Guid(b5112c618dd1dd64098cd08e510b5b8e) Importer(815301076,1909f56bfc062723c751e8b465ee728b)
Start importing Assets/Capsule.prefab using Guid(b5112c618dd1dd64098cd08e510b5b8e) Importer(815301076,1909f56bfc062723c751e8b465ee728b)  -> (artifact id: 'bf03686341ef3ff0df47298de81db8ad') in 0.029532 seconds
  Import took 0.032098 seconds .

========================================================================
Received Import Request.
  Time since last request: 127.308507 seconds.
  path: Assets/Assets/UI Stuff/71cdbfebc8ae9cc622da6ba5c1db8258.png
  artifactKey: Guid(b4bcdc68d32ff144295e4b6eb652de87) Importer(815301076,1909f56bfc062723c751e8b465ee728b)
Start importing Assets/Assets/UI Stuff/71cdbfebc8ae9cc622da6ba5c1db8258.png using Guid(b4bcdc68d32ff144295e4b6eb652de87) Importer(815301076,1909f56bfc062723c751e8b465ee728b)  -> (artifact id: '18d94ceb8727ac75a444940c6aad5fbf') in 0.053571 seconds
  Import took 0.056614 seconds .

========================================================================
Received Import Request.
  Time since last request: 0.000284 seconds.
  path: Assets/Assets/Thirdparty/Gridbox Prototype Materials/Resources/Textures/Prototype Grid/prototype_512x512_blue3.png
  artifactKey: Guid(b6fc60785b6a795478135ce6f7712c5a) Importer(815301076,1909f56bfc062723c751e8b465ee728b)
Start importing Assets/Assets/Thirdparty/Gridbox Prototype Materials/Resources/Textures/Prototype Grid/prototype_512x512_blue3.png using Guid(b6fc60785b6a795478135ce6f7712c5a) Importer(815301076,1909f56bfc062723c751e8b465ee728b)  -> (artifact id: '5649e1f05fb94ae711aa6bb8a45e0a85') in 0.014898 seconds
  Import took 0.016986 seconds .

========================================================================
Received Import Request.
  Time since last request: 0.000340 seconds.
  path: Assets/Assets/Thirdparty/Gridbox Prototype Materials/Resources/Textures/Prototype Grid/prototype_512x512_grey1.png
  artifactKey: Guid(dd29f35641da38647a1eeb1028211f1a) Importer(815301076,1909f56bfc062723c751e8b465ee728b)
Start importing Assets/Assets/Thirdparty/Gridbox Prototype Materials/Resources/Textures/Prototype Grid/prototype_512x512_grey1.png using Guid(dd29f35641da38647a1eeb1028211f1a) Importer(815301076,1909f56bfc062723c751e8b465ee728b)  -> (artifact id: '8e184a8b3577414c3999c3b26212221d') in 0.014703 seconds
  Import took 0.016936 seconds .

========================================================================
Received Import Request.
  Time since last request: 0.000260 seconds.
  path: Assets/Assets/Thirdparty/Gridbox Prototype Materials/Resources/Textures/Prototype Grid/prototype_512x512_brown.png
  artifactKey: Guid(3c227d230cca14c42822692b6aff3459) Importer(815301076,1909f56bfc062723c751e8b465ee728b)
Start importing Assets/Assets/Thirdparty/Gridbox Prototype Materials/Resources/Textures/Prototype Grid/prototype_512x512_brown.png using Guid(3c227d230cca14c42822692b6aff3459) Importer(815301076,1909f56bfc062723c751e8b465ee728b)  -> (artifact id: '664ac4a498a9b6daa59c369f8ba12cf6') in 0.013968 seconds
  Import took 0.016115 seconds .

========================================================================
Received Import Request.
  Time since last request: 0.000265 seconds.
  path: Assets/Assets/Textures/black_bk6.jpg
  artifactKey: Guid(39e1f847c136e2441a2f769d3458c661) Importer(815301076,1909f56bfc062723c751e8b465ee728b)
Start importing Assets/Assets/Textures/black_bk6.jpg using Guid(39e1f847c136e2441a2f769d3458c661) Importer(815301076,1909f56bfc062723c751e8b465ee728b)  -> (artifact id: '5999b7868e9533798fadefc06be78aaf') in 0.018366 seconds
  Import took 0.020942 seconds .

========================================================================
Received Import Request.
  Time since last request: 0.000315 seconds.
  path: Assets/Assets/Thirdparty/Gridbox Prototype Materials/Resources/Textures/Prototype Grid/prototype_512x512_green2.png
  artifactKey: Guid(382df89af99b9f2459dd19206e68a63d) Importer(815301076,1909f56bfc062723c751e8b465ee728b)
Start importing Assets/Assets/Thirdparty/Gridbox Prototype Materials/Resources/Textures/Prototype Grid/prototype_512x512_green2.png using Guid(382df89af99b9f2459dd19206e68a63d) Importer(815301076,1909f56bfc062723c751e8b465ee728b)  -> (artifact id: '5f487f767b4d54910c4bbb50771c0540') in 0.017440 seconds
  Import took 0.020838 seconds .

========================================================================
Received Import Request.
  Time since last request: 0.000318 seconds.
  path: Assets/Assets/Thirdparty/Gridbox Prototype Materials/Resources/Textures/Prototype Grid/prototype_512x512_green1.png
  artifactKey: Guid(4967dfcee94bddd4ba1430cb6fa1f304) Importer(815301076,1909f56bfc062723c751e8b465ee728b)
Start importing Assets/Assets/Thirdparty/Gridbox Prototype Materials/Resources/Textures/Prototype Grid/prototype_512x512_green1.png using Guid(4967dfcee94bddd4ba1430cb6fa1f304) Importer(815301076,1909f56bfc062723c751e8b465ee728b)  -> (artifact id: '6e7da0bce007037d76717912f48bc64e') in 0.022933 seconds
  Import took 0.026102 seconds .

========================================================================
Received Import Request.
  Time since last request: 0.000212 seconds.
  path: Assets/Assets/UI Stuff/Lasting_Bend_Time.png
  artifactKey: Guid(7855b5c11fcabf343abe0c04a930f78c) Importer(815301076,1909f56bfc062723c751e8b465ee728b)
Start importing Assets/Assets/UI Stuff/Lasting_Bend_Time.png using Guid(7855b5c11fcabf343abe0c04a930f78c) Importer(815301076,1909f56bfc062723c751e8b465ee728b)  -> (artifact id: 'aaec92dac17ce1b261eccf500cfb05dc') in 0.026703 seconds
  Import took 0.029338 seconds .

========================================================================
Received Import Request.
  Time since last request: 0.000832 seconds.
  path: Assets/Assets/Thirdparty/Gridbox Prototype Materials/Resources/Textures/Prototype Grid/prototype_512x512_cyan.png
  artifactKey: Guid(6c35396cb8128474a8a73c6b19f2fe1f) Importer(815301076,1909f56bfc062723c751e8b465ee728b)
Start importing Assets/Assets/Thirdparty/Gridbox Prototype Materials/Resources/Textures/Prototype Grid/prototype_512x512_cyan.png using Guid(6c35396cb8128474a8a73c6b19f2fe1f) Importer(815301076,1909f56bfc062723c751e8b465ee728b)  -> (artifact id: 'c5190d1c453e2c287fd74d23dce0c078') in 0.017202 seconds
  Import took 0.019861 seconds .

========================================================================
Received Import Request.
  Time since last request: 0.000626 seconds.
  path: Assets/Assets/Thirdparty/Gridbox Prototype Materials/Resources/Textures/Prototype Grid/prototype_512x512_blue2.png
  artifactKey: Guid(17198718c5735204999fb13dc36e290f) Importer(815301076,1909f56bfc062723c751e8b465ee728b)
Start importing Assets/Assets/Thirdparty/Gridbox Prototype Materials/Resources/Textures/Prototype Grid/prototype_512x512_blue2.png using Guid(17198718c5735204999fb13dc36e290f) Importer(815301076,1909f56bfc062723c751e8b465ee728b)  -> (artifact id: '0e859d57d00380da3f3d9c30dd1e3850') in 0.018063 seconds
  Import took 0.019998 seconds .

========================================================================
Received Import Request.
  Time since last request: 0.000244 seconds.
  path: Assets/Assets/Thirdparty/Gridbox Prototype Materials/Resources/Textures/Prototype Grid/prototype_512x512_grey2.png
  artifactKey: Guid(37920ac3813690349a856bbe19a86e2b) Importer(815301076,1909f56bfc062723c751e8b465ee728b)
Start importing Assets/Assets/Thirdparty/Gridbox Prototype Materials/Resources/Textures/Prototype Grid/prototype_512x512_grey2.png using Guid(37920ac3813690349a856bbe19a86e2b) Importer(815301076,1909f56bfc062723c751e8b465ee728b)  -> (artifact id: '04840f952d437ed416765ac015a57fbc') in 0.018963 seconds
  Import took 0.020961 seconds .

========================================================================
Received Import Request.
  Time since last request: 0.000288 seconds.
  path: Assets/Particle Attractor by Moonflower Carnivore/Textures/glow_small_dot.psd
  artifactKey: Guid(8f5ee04947e003441921dffbf787fbb1) Importer(815301076,1909f56bfc062723c751e8b465ee728b)
Start importing Assets/Particle Attractor by Moonflower Carnivore/Textures/glow_small_dot.psd using Guid(8f5ee04947e003441921dffbf787fbb1) Importer(815301076,1909f56bfc062723c751e8b465ee728b)  -> (artifact id: 'bc897ca714408d595d1d2689c7931c73') in 0.023213 seconds
  Import took 0.025170 seconds .

========================================================================
Received Import Request.
  Time since last request: 0.000256 seconds.
  path: Assets/Assets/Thirdparty/Gridbox Prototype Materials/Resources/Textures/Prototype Grid/prototype_512x512_blue1.png
  artifactKey: Guid(44cced520ecfd9f4292979a4fe8268c4) Importer(815301076,1909f56bfc062723c751e8b465ee728b)
Start importing Assets/Assets/Thirdparty/Gridbox Prototype Materials/Resources/Textures/Prototype Grid/prototype_512x512_blue1.png using Guid(44cced520ecfd9f4292979a4fe8268c4) Importer(815301076,1909f56bfc062723c751e8b465ee728b)  -> (artifact id: '3296676dd49cb3d36dff96bb722a8d7c') in 0.012998 seconds
  Import took 0.015022 seconds .

========================================================================
Received Import Request.
  Time since last request: 0.000276 seconds.
  path: Assets/Assets/Thirdparty/Gridbox Prototype Materials/Resources/Textures/Prototype Grid/prototype_512x512_grey3.png
  artifactKey: Guid(d9c0dd5cdac07b145be73329e489869a) Importer(815301076,1909f56bfc062723c751e8b465ee728b)
Start importing Assets/Assets/Thirdparty/Gridbox Prototype Materials/Resources/Textures/Prototype Grid/prototype_512x512_grey3.png using Guid(d9c0dd5cdac07b145be73329e489869a) Importer(815301076,1909f56bfc062723c751e8b465ee728b)  -> (artifact id: '19f5ebed9ce2511fe3eebb8ffb047729') in 0.014412 seconds
  Import took 0.016782 seconds .

========================================================================
Received Import Request.
  Time since last request: 0.981845 seconds.
  path: Assets/Assets/Thirdparty/Gridbox Prototype Materials/Resources/Textures/Prototype Grid/prototype_512x512_grey4.png
  artifactKey: Guid(ed0c2c8a99e92e14ba740ac8aa428288) Importer(815301076,1909f56bfc062723c751e8b465ee728b)
Start importing Assets/Assets/Thirdparty/Gridbox Prototype Materials/Resources/Textures/Prototype Grid/prototype_512x512_grey4.png using Guid(ed0c2c8a99e92e14ba740ac8aa428288) Importer(815301076,1909f56bfc062723c751e8b465ee728b)  -> (artifact id: '9ad1d4d98ee45a3ba6bed3d48bafec37') in 0.013702 seconds
  Import took 0.016278 seconds .

========================================================================
Received Import Request.
  Time since last request: 0.000269 seconds.
  path: Assets/Assets/Thirdparty/Gridbox Prototype Materials/Resources/Textures/Prototype Grid/prototype_512x512_purple.png
  artifactKey: Guid(aa0c741df9dd8634c8d84fd9ba2b0e3d) Importer(815301076,1909f56bfc062723c751e8b465ee728b)
Start importing Assets/Assets/Thirdparty/Gridbox Prototype Materials/Resources/Textures/Prototype Grid/prototype_512x512_purple.png using Guid(aa0c741df9dd8634c8d84fd9ba2b0e3d) Importer(815301076,1909f56bfc062723c751e8b465ee728b)  -> (artifact id: 'aee4d41d8ec7f8246066bb6cfd7a9eae') in 0.014790 seconds
  Import took 0.016670 seconds .

========================================================================
Received Import Request.
  Time since last request: 0.000334 seconds.
  path: Assets/Assets/Thirdparty/Gridbox Prototype Materials/Resources/Textures/Prototype Grid/prototype_512x512_orange.png
  artifactKey: Guid(fe3e0a556829be24bb87c912d79e872d) Importer(815301076,1909f56bfc062723c751e8b465ee728b)
Start importing Assets/Assets/Thirdparty/Gridbox Prototype Materials/Resources/Textures/Prototype Grid/prototype_512x512_orange.png using Guid(fe3e0a556829be24bb87c912d79e872d) Importer(815301076,1909f56bfc062723c751e8b465ee728b)  -> (artifact id: '239d24da5d465232db6748fa04663eb4') in 0.018970 seconds
  Import took 0.021647 seconds .

========================================================================
Received Import Request.
  Time since last request: 0.025778 seconds.
  path: Assets/Assets/Thirdparty/Gridbox Prototype Materials/Resources/Textures/Prototype Grid/prototype_512x512_red.png
  artifactKey: Guid(3d6064e2e1cd7214e9f67f3a68f494fb) Importer(815301076,1909f56bfc062723c751e8b465ee728b)
Start importing Assets/Assets/Thirdparty/Gridbox Prototype Materials/Resources/Textures/Prototype Grid/prototype_512x512_red.png using Guid(3d6064e2e1cd7214e9f67f3a68f494fb) Importer(815301076,1909f56bfc062723c751e8b465ee728b)  -> (artifact id: '9cc7f342c0b3ad63865fc168d43af2f3') in 0.015739 seconds
  Import took 0.018042 seconds .

========================================================================
Received Import Request.
  Time since last request: 0.000303 seconds.
  path: Assets/Assets/Thirdparty/Gridbox Prototype Materials/Resources/Textures/Prototype Grid/prototype_512x512_yellow.png
  artifactKey: Guid(ee12d2bc9f5c8554d97d5beb9dc4b275) Importer(815301076,1909f56bfc062723c751e8b465ee728b)
Start importing Assets/Assets/Thirdparty/Gridbox Prototype Materials/Resources/Textures/Prototype Grid/prototype_512x512_yellow.png using Guid(ee12d2bc9f5c8554d97d5beb9dc4b275) Importer(815301076,1909f56bfc062723c751e8b465ee728b)  -> (artifact id: '76b58d14bc93470971689060d705faf8') in 0.021114 seconds
  Import took 0.023393 seconds .

========================================================================
Received Import Request.
  Time since last request: 0.000299 seconds.
  path: Assets/Assets/Thirdparty/Gridbox Prototype Materials/Resources/Textures/Prototype Grid/prototype_512x512_red.png
  artifactKey: Guid(3d6064e2e1cd7214e9f67f3a68f494fb) Importer(815301076,1909f56bfc062723c751e8b465ee728b)
Start importing Assets/Assets/Thirdparty/Gridbox Prototype Materials/Resources/Textures/Prototype Grid/prototype_512x512_red.png using Guid(3d6064e2e1cd7214e9f67f3a68f494fb) Importer(815301076,1909f56bfc062723c751e8b465ee728b)  -> (artifact id: '9cc7f342c0b3ad63865fc168d43af2f3') in 0.006921 seconds
  Import took 0.008836 seconds .

========================================================================
Received Import Request.
  Time since last request: 0.014363 seconds.
  path: Assets/Assets/UI Stuff/randall-mackey-frame-assets.png
  artifactKey: Guid(6406d261a76908b4090427eae168b097) Importer(815301076,1909f56bfc062723c751e8b465ee728b)
Start importing Assets/Assets/UI Stuff/randall-mackey-frame-assets.png using Guid(6406d261a76908b4090427eae168b097) Importer(815301076,1909f56bfc062723c751e8b465ee728b)  -> (artifact id: '067056e3a9cb02a6743bd17356a97285') in 0.021123 seconds
  Import took 0.023587 seconds .

========================================================================
Received Prepare
Registering precompiled user dll's ...
Registered in 0.000736 seconds.
Begin MonoManager ReloadAssembly
Native extension for WindowsStandalone target not found
Refreshing native plugins compatible for Editor in 0.22 ms, found 0 plugins.
Preloading 0 native plugins for Editor in 0.00 ms.
Invoked RoslynAnalysisRunner static constructor.
RoslynAnalysisRunner will not be running.
RoslynAnalysisRunner has terminated.
Mono: successfully reloaded assembly
- Completed reload, in  0.724 seconds
Platform modules already initialized, skipping
Refreshing native plugins compatible for Editor in 0.24 ms, found 0 plugins.
Preloading 0 native plugins for Editor in 0.00 ms.
Unloading 1327 Unused Serialized files (Serialized files now loaded: 0)
System memory in use before: 71.0 MB.
System memory in use after: 71.1 MB.

Unloading 5 unused Assets to reduce memory usage. Loaded Objects now: 1884.
Total: 1.757000 ms (FindLiveObjects: 0.145100 ms CreateObjectMapping: 0.032800 ms MarkObjects: 1.564100 ms  DeleteObjects: 0.012500 ms)

========================================================================
Received Prepare
Registering precompiled user dll's ...
Registered in 0.000890 seconds.
Begin MonoManager ReloadAssembly
Native extension for WindowsStandalone target not found
Refreshing native plugins compatible for Editor in 0.25 ms, found 0 plugins.
Preloading 0 native plugins for Editor in 0.00 ms.
Invoked RoslynAnalysisRunner static constructor.
RoslynAnalysisRunner will not be running.
RoslynAnalysisRunner has terminated.
Mono: successfully reloaded assembly
- Completed reload, in  0.711 seconds
Platform modules already initialized, skipping
Refreshing native plugins compatible for Editor in 0.22 ms, found 0 plugins.
Preloading 0 native plugins for Editor in 0.00 ms.
Unloading 1327 Unused Serialized files (Serialized files now loaded: 0)
System memory in use before: 71.0 MB.
System memory in use after: 71.1 MB.

Unloading 5 unused Assets to reduce memory usage. Loaded Objects now: 1886.
Total: 1.881900 ms (FindLiveObjects: 0.137200 ms CreateObjectMapping: 0.041600 ms MarkObjects: 1.688600 ms  DeleteObjects: 0.013500 ms)

========================================================================
Received Import Request.
  Time since last request: 7227.568235 seconds.
  path: Assets/Scripts/ShootPlayer.cs
  artifactKey: Guid(1b3fa1e1e953bbd4c80a7a80160358fe) Importer(815301076,1909f56bfc062723c751e8b465ee728b)
Start importing Assets/Scripts/ShootPlayer.cs using Guid(1b3fa1e1e953bbd4c80a7a80160358fe) Importer(815301076,1909f56bfc062723c751e8b465ee728b)  -> (artifact id: '454e55500d56545c6faa54c48e9b7340') in 0.010258 seconds
  Import took 0.013313 seconds .

========================================================================
Received Prepare
Registering precompiled user dll's ...
Registered in 0.000727 seconds.
Begin MonoManager ReloadAssembly
Native extension for WindowsStandalone target not found
Refreshing native plugins compatible for Editor in 0.22 ms, found 0 plugins.
Preloading 0 native plugins for Editor in 0.00 ms.
Invoked RoslynAnalysisRunner static constructor.
RoslynAnalysisRunner will not be running.
RoslynAnalysisRunner has terminated.
Mono: successfully reloaded assembly
- Completed reload, in  0.741 seconds
Platform modules already initialized, skipping
Refreshing native plugins compatible for Editor in 0.22 ms, found 0 plugins.
Preloading 0 native plugins for Editor in 0.00 ms.
Unloading 1328 Unused Serialized files (Serialized files now loaded: 0)
System memory in use before: 71.0 MB.
System memory in use after: 71.1 MB.

Unloading 5 unused Assets to reduce memory usage. Loaded Objects now: 1889.
Total: 1.675600 ms (FindLiveObjects: 0.143400 ms CreateObjectMapping: 0.040300 ms MarkObjects: 1.479600 ms  DeleteObjects: 0.011600 ms)

========================================================================
Received Import Request.
  Time since last request: 289.362287 seconds.
  path: Assets/Scripts/ShootPlayer.cs
  artifactKey: Guid(1b3fa1e1e953bbd4c80a7a80160358fe) Importer(815301076,1909f56bfc062723c751e8b465ee728b)
Start importing Assets/Scripts/ShootPlayer.cs using Guid(1b3fa1e1e953bbd4c80a7a80160358fe) Importer(815301076,1909f56bfc062723c751e8b465ee728b)  -> (artifact id: 'b36400533e30cf0005daf7e0f405febf') in 0.005441 seconds
  Import took 0.008839 seconds .

========================================================================
Received Prepare
Registering precompiled user dll's ...
Registered in 0.000701 seconds.
Begin MonoManager ReloadAssembly
Native extension for WindowsStandalone target not found
Refreshing native plugins compatible for Editor in 0.23 ms, found 0 plugins.
Preloading 0 native plugins for Editor in 0.00 ms.
Invoked RoslynAnalysisRunner static constructor.
RoslynAnalysisRunner will not be running.
RoslynAnalysisRunner has terminated.
Mono: successfully reloaded assembly
- Completed reload, in  0.706 seconds
Platform modules already initialized, skipping
Refreshing native plugins compatible for Editor in 0.24 ms, found 0 plugins.
Preloading 0 native plugins for Editor in 0.00 ms.
Unloading 1328 Unused Serialized files (Serialized files now loaded: 0)
System memory in use before: 71.0 MB.
System memory in use after: 71.1 MB.

Unloading 5 unused Assets to reduce memory usage. Loaded Objects now: 1891.
Total: 2.626400 ms (FindLiveObjects: 0.197500 ms CreateObjectMapping: 0.051300 ms MarkObjects: 2.354300 ms  DeleteObjects: 0.022100 ms)

========================================================================
Received Import Request.
  Time since last request: 15.034620 seconds.
  path: Assets/Scripts/ShootPlayer.cs
  artifactKey: Guid(1b3fa1e1e953bbd4c80a7a80160358fe) Importer(815301076,1909f56bfc062723c751e8b465ee728b)
Start importing Assets/Scripts/ShootPlayer.cs using Guid(1b3fa1e1e953bbd4c80a7a80160358fe) Importer(815301076,1909f56bfc062723c751e8b465ee728b)  -> (artifact id: '40bb708eaa7192b30a8e88c73fd9daa8') in 0.004661 seconds
  Import took 0.007049 seconds .

AssetImportWorkerClient::OnTransportError - code=2 error=End of file
