Using pre-set license
Built from '2020.2/staging' branch; Version is '2020.2.5f1 (e2c53f129de5) revision 14861631'; Using compiler version '192528614'; Build Type 'Release'
OS: 'Windows 10 Pro N; OS build 19041.867; Version 2004; 64bit' Language: 'nl' Physical Memory: 16334 MB
BatchMode: 1, IsHumanControllingUs: 0, StartBugReporterOnCrash: 0, Is64bit: 1, IsPro: 0

 COMMAND LINE ARGUMENTS:
D:\Unity games\2020.2.5f1\Editor\Unity.exe
-adb2
-batchMode
-noUpm
-name
AssetImportWorker0
-projectPath
D:/Unity games/magic ball game/magic-ball-game
-logFile
Logs/AssetImportWorker0.log
-srvPort
60072
Successfully changed project path to: D:/Unity games/magic ball game/magic-ball-game
D:/Unity games/magic ball game/magic-ball-game
Using Asset Import Pipeline V2.
Refreshing native plugins compatible for Editor in 27.65 ms, found 0 plugins.
Preloading 0 native plugins for Editor in 0.00 ms.
Initialize engine version: 2020.2.5f1 (e2c53f129de5)
[Subsystems] Discovering subsystems at path D:/Unity games/2020.2.5f1/Editor/Data/Resources/UnitySubsystems
[Subsystems] Discovering subsystems at path D:/Unity games/magic ball game/magic-ball-game/Assets
GfxDevice: creating device client; threaded=0
Direct3D:
    Version:  Direct3D 11.0 [level 11.1]
    Renderer: Radeon RX 580 Series (ID=0x67df)
    Vendor:   
    VRAM:     8171 MB
    Driver:   27.20.14535.3005
Initialize mono
Mono path[0] = 'D:/Unity games/2020.2.5f1/Editor/Data/Managed'
Mono path[1] = 'D:/Unity games/2020.2.5f1/Editor/Data/MonoBleedingEdge/lib/mono/unityjit'
Mono config path = 'D:/Unity games/2020.2.5f1/Editor/Data/MonoBleedingEdge/etc'
Using monoOptions --debugger-agent=transport=dt_socket,embedding=1,server=y,suspend=n,address=127.0.0.1:56232
Begin MonoManager ReloadAssembly
Registering precompiled unity dll's ...
Register platform support module: D:/Unity games/2020.2.5f1/Editor/Data/PlaybackEngines/WindowsStandaloneSupport/UnityEditor.WindowsStandalone.Extensions.dll
Registered in 0.003490 seconds.
Native extension for WindowsStandalone target not found
Refreshing native plugins compatible for Editor in 26.34 ms, found 0 plugins.
Preloading 0 native plugins for Editor in 0.00 ms.
Invoked RoslynAnalysisRunner static constructor.
RoslynAnalysisRunner will not be running.
RoslynAnalysisRunner has terminated.
Mono: successfully reloaded assembly
- Completed reload, in  1.170 seconds
Platform modules already initialized, skipping
Registering precompiled user dll's ...
Registered in 0.000870 seconds.
Begin MonoManager ReloadAssembly
Native extension for WindowsStandalone target not found
Refreshing native plugins compatible for Editor in 0.30 ms, found 0 plugins.
Preloading 0 native plugins for Editor in 0.00 ms.
Invoked RoslynAnalysisRunner static constructor.
RoslynAnalysisRunner will not be running.
RoslynAnalysisRunner has terminated.
Mono: successfully reloaded assembly
- Completed reload, in  0.804 seconds
Platform modules already initialized, skipping
========================================================================
Worker process is ready to serve import requests
Launched and connected shader compiler UnityShaderCompiler.exe after 0.04 seconds
Refreshing native plugins compatible for Editor in 0.29 ms, found 0 plugins.
Preloading 0 native plugins for Editor in 0.00 ms.
Unloading 1360 Unused Serialized files (Serialized files now loaded: 0)
System memory in use before: 89.5 MB.
System memory in use after: 89.6 MB.

Unloading 9 unused Assets to reduce memory usage. Loaded Objects now: 1831.
Total: 1.680700 ms (FindLiveObjects: 0.182800 ms CreateObjectMapping: 0.044200 ms MarkObjects: 1.433900 ms  DeleteObjects: 0.018800 ms)

========================================================================
Received Import Request.
  path: Assets/Scripts/Spells/SpellCooldownAnimation.cs
  artifactKey: Guid(53af51bf491cfef4aa7885f6a50d1981) Importer(815301076,1909f56bfc062723c751e8b465ee728b)
Start importing Assets/Scripts/Spells/SpellCooldownAnimation.cs using Guid(53af51bf491cfef4aa7885f6a50d1981) Importer(815301076,1909f56bfc062723c751e8b465ee728b)  -> (artifact id: 'dce24206636a71a6a521264de54cf1d8') in 0.031924 seconds
  Import took 0.034214 seconds .

========================================================================
Received Import Request.
  Time since last request: 0.000204 seconds.
  path: Assets/Scripts/Spells/CooldownData.cs
  artifactKey: Guid(e621c67a96666ef48bf8142aa79be401) Importer(815301076,1909f56bfc062723c751e8b465ee728b)
Start importing Assets/Scripts/Spells/CooldownData.cs using Guid(e621c67a96666ef48bf8142aa79be401) Importer(815301076,1909f56bfc062723c751e8b465ee728b)  -> (artifact id: '354dd2100cda39f9848a94503fd7e797') in 0.006879 seconds
  Import took 0.008903 seconds .

========================================================================
Received Prepare
Registering precompiled user dll's ...
Registered in 0.000987 seconds.
Begin MonoManager ReloadAssembly
Native extension for WindowsStandalone target not found
Refreshing native plugins compatible for Editor in 0.30 ms, found 0 plugins.
Preloading 0 native plugins for Editor in 0.00 ms.
Invoked RoslynAnalysisRunner static constructor.
RoslynAnalysisRunner will not be running.
RoslynAnalysisRunner has terminated.
Mono: successfully reloaded assembly
- Completed reload, in  0.789 seconds
Platform modules already initialized, skipping
Refreshing native plugins compatible for Editor in 0.32 ms, found 0 plugins.
Preloading 0 native plugins for Editor in 0.00 ms.
Unloading 1326 Unused Serialized files (Serialized files now loaded: 0)
System memory in use before: 87.3 MB.
System memory in use after: 87.4 MB.

Unloading 5 unused Assets to reduce memory usage. Loaded Objects now: 1834.
Total: 1.953500 ms (FindLiveObjects: 0.246600 ms CreateObjectMapping: 0.036900 ms MarkObjects: 1.652600 ms  DeleteObjects: 0.015900 ms)

========================================================================
Received Prepare
Registering precompiled user dll's ...
Registered in 0.000863 seconds.
Begin MonoManager ReloadAssembly
Native extension for WindowsStandalone target not found
Refreshing native plugins compatible for Editor in 0.32 ms, found 0 plugins.
Preloading 0 native plugins for Editor in 0.00 ms.
Invoked RoslynAnalysisRunner static constructor.
RoslynAnalysisRunner will not be running.
RoslynAnalysisRunner has terminated.
Mono: successfully reloaded assembly
- Completed reload, in  0.742 seconds
Platform modules already initialized, skipping
Refreshing native plugins compatible for Editor in 0.29 ms, found 0 plugins.
Preloading 0 native plugins for Editor in 0.00 ms.
Unloading 1325 Unused Serialized files (Serialized files now loaded: 0)
System memory in use before: 87.3 MB.
System memory in use after: 87.4 MB.

Unloading 5 unused Assets to reduce memory usage. Loaded Objects now: 1836.
Total: 1.713000 ms (FindLiveObjects: 0.172700 ms CreateObjectMapping: 0.044400 ms MarkObjects: 1.483600 ms  DeleteObjects: 0.011400 ms)

========================================================================
Received Prepare
Registering precompiled user dll's ...
Registered in 0.001010 seconds.
Begin MonoManager ReloadAssembly
Native extension for WindowsStandalone target not found
Refreshing native plugins compatible for Editor in 0.30 ms, found 0 plugins.
Preloading 0 native plugins for Editor in 0.00 ms.
Invoked RoslynAnalysisRunner static constructor.
RoslynAnalysisRunner will not be running.
RoslynAnalysisRunner has terminated.
Mono: successfully reloaded assembly
- Completed reload, in  0.747 seconds
Platform modules already initialized, skipping
Refreshing native plugins compatible for Editor in 0.29 ms, found 0 plugins.
Preloading 0 native plugins for Editor in 0.00 ms.
Unloading 1325 Unused Serialized files (Serialized files now loaded: 0)
System memory in use before: 87.3 MB.
System memory in use after: 87.4 MB.

Unloading 5 unused Assets to reduce memory usage. Loaded Objects now: 1838.
Total: 1.720300 ms (FindLiveObjects: 0.171400 ms CreateObjectMapping: 0.040000 ms MarkObjects: 1.496100 ms  DeleteObjects: 0.011900 ms)

========================================================================
Received Prepare
Registering precompiled user dll's ...
Registered in 0.000865 seconds.
Begin MonoManager ReloadAssembly
Native extension for WindowsStandalone target not found
Refreshing native plugins compatible for Editor in 0.31 ms, found 0 plugins.
Preloading 0 native plugins for Editor in 0.00 ms.
Invoked RoslynAnalysisRunner static constructor.
RoslynAnalysisRunner will not be running.
RoslynAnalysisRunner has terminated.
Mono: successfully reloaded assembly
- Completed reload, in  0.747 seconds
Platform modules already initialized, skipping
Refreshing native plugins compatible for Editor in 0.31 ms, found 0 plugins.
Preloading 0 native plugins for Editor in 0.00 ms.
Unloading 1325 Unused Serialized files (Serialized files now loaded: 0)
System memory in use before: 87.3 MB.
System memory in use after: 87.4 MB.

Unloading 5 unused Assets to reduce memory usage. Loaded Objects now: 1840.
Total: 1.632600 ms (FindLiveObjects: 0.155900 ms CreateObjectMapping: 0.033700 ms MarkObjects: 1.428400 ms  DeleteObjects: 0.013700 ms)

========================================================================
Received Prepare
Registering precompiled user dll's ...
Registered in 0.000990 seconds.
Begin MonoManager ReloadAssembly
Native extension for WindowsStandalone target not found
Refreshing native plugins compatible for Editor in 0.29 ms, found 0 plugins.
Preloading 0 native plugins for Editor in 0.00 ms.
Invoked RoslynAnalysisRunner static constructor.
RoslynAnalysisRunner will not be running.
RoslynAnalysisRunner has terminated.
Mono: successfully reloaded assembly
- Completed reload, in  0.733 seconds
Platform modules already initialized, skipping
Refreshing native plugins compatible for Editor in 0.36 ms, found 0 plugins.
Preloading 0 native plugins for Editor in 0.00 ms.
Unloading 1325 Unused Serialized files (Serialized files now loaded: 0)
System memory in use before: 87.3 MB.
System memory in use after: 87.4 MB.

Unloading 5 unused Assets to reduce memory usage. Loaded Objects now: 1842.
Total: 1.743300 ms (FindLiveObjects: 0.165400 ms CreateObjectMapping: 0.035500 ms MarkObjects: 1.528900 ms  DeleteObjects: 0.012500 ms)

========================================================================
Received Prepare
Registering precompiled user dll's ...
Registered in 0.000826 seconds.
Begin MonoManager ReloadAssembly
Native extension for WindowsStandalone target not found
Refreshing native plugins compatible for Editor in 0.30 ms, found 0 plugins.
Preloading 0 native plugins for Editor in 0.00 ms.
Invoked RoslynAnalysisRunner static constructor.
RoslynAnalysisRunner will not be running.
RoslynAnalysisRunner has terminated.
Mono: successfully reloaded assembly
- Completed reload, in  0.739 seconds
Platform modules already initialized, skipping
Refreshing native plugins compatible for Editor in 0.29 ms, found 0 plugins.
Preloading 0 native plugins for Editor in 0.00 ms.
Unloading 1325 Unused Serialized files (Serialized files now loaded: 0)
System memory in use before: 87.3 MB.
System memory in use after: 87.4 MB.

Unloading 5 unused Assets to reduce memory usage. Loaded Objects now: 1844.
Total: 1.658600 ms (FindLiveObjects: 0.182800 ms CreateObjectMapping: 0.033700 ms MarkObjects: 1.429500 ms  DeleteObjects: 0.011600 ms)

========================================================================
Received Prepare
Registering precompiled user dll's ...
Registered in 0.000858 seconds.
Begin MonoManager ReloadAssembly
Native extension for WindowsStandalone target not found
Refreshing native plugins compatible for Editor in 0.33 ms, found 0 plugins.
Preloading 0 native plugins for Editor in 0.00 ms.
Invoked RoslynAnalysisRunner static constructor.
RoslynAnalysisRunner will not be running.
RoslynAnalysisRunner has terminated.
Mono: successfully reloaded assembly
- Completed reload, in  0.776 seconds
Platform modules already initialized, skipping
Refreshing native plugins compatible for Editor in 0.31 ms, found 0 plugins.
Preloading 0 native plugins for Editor in 0.00 ms.
Unloading 1325 Unused Serialized files (Serialized files now loaded: 0)
System memory in use before: 87.3 MB.
System memory in use after: 87.4 MB.

Unloading 5 unused Assets to reduce memory usage. Loaded Objects now: 1846.
Total: 1.809900 ms (FindLiveObjects: 0.229100 ms CreateObjectMapping: 0.041100 ms MarkObjects: 1.525700 ms  DeleteObjects: 0.013300 ms)

========================================================================
Received Prepare
Registering precompiled user dll's ...
Registered in 0.000904 seconds.
Begin MonoManager ReloadAssembly
Native extension for WindowsStandalone target not found
Refreshing native plugins compatible for Editor in 0.31 ms, found 0 plugins.
Preloading 0 native plugins for Editor in 0.00 ms.
Invoked RoslynAnalysisRunner static constructor.
RoslynAnalysisRunner will not be running.
RoslynAnalysisRunner has terminated.
Mono: successfully reloaded assembly
- Completed reload, in  0.823 seconds
Platform modules already initialized, skipping
Refreshing native plugins compatible for Editor in 0.30 ms, found 0 plugins.
Preloading 0 native plugins for Editor in 0.00 ms.
Unloading 1332 Unused Serialized files (Serialized files now loaded: 0)
System memory in use before: 87.7 MB.
System memory in use after: 87.8 MB.

Unloading 7 unused Assets to reduce memory usage. Loaded Objects now: 1853.
Total: 1.815700 ms (FindLiveObjects: 0.189400 ms CreateObjectMapping: 0.034400 ms MarkObjects: 1.483000 ms  DeleteObjects: 0.108100 ms)

========================================================================
Received Import Request.
  Time since last request: 542.474093 seconds.
  path: Assets/Particle Attractor by Moonflower Carnivore
  artifactKey: Guid(84ceffc47a0a5224789ae4c36751813e) Importer(815301076,1909f56bfc062723c751e8b465ee728b)
Start importing Assets/Particle Attractor by Moonflower Carnivore using Guid(84ceffc47a0a5224789ae4c36751813e) Importer(815301076,1909f56bfc062723c751e8b465ee728b)  -> (artifact id: 'e671f92339e106ad603ca8082f00b623') in 0.010341 seconds
  Import took 0.012842 seconds .

========================================================================
Received Prepare
Registering precompiled user dll's ...
Registered in 0.001019 seconds.
Begin MonoManager ReloadAssembly
Native extension for WindowsStandalone target not found
Refreshing native plugins compatible for Editor in 0.32 ms, found 0 plugins.
Preloading 0 native plugins for Editor in 0.00 ms.
Invoked RoslynAnalysisRunner static constructor.
RoslynAnalysisRunner will not be running.
RoslynAnalysisRunner has terminated.
Mono: successfully reloaded assembly
- Completed reload, in  0.762 seconds
Platform modules already initialized, skipping
Refreshing native plugins compatible for Editor in 0.31 ms, found 0 plugins.
Preloading 0 native plugins for Editor in 0.00 ms.
Unloading 1328 Unused Serialized files (Serialized files now loaded: 0)
System memory in use before: 87.6 MB.
System memory in use after: 87.7 MB.

Unloading 7 unused Assets to reduce memory usage. Loaded Objects now: 1855.
Total: 1.751600 ms (FindLiveObjects: 0.197700 ms CreateObjectMapping: 0.032800 ms MarkObjects: 1.432100 ms  DeleteObjects: 0.088200 ms)

========================================================================
Received Prepare
Registering precompiled user dll's ...
Registered in 0.000895 seconds.
Begin MonoManager ReloadAssembly
Native extension for WindowsStandalone target not found
Refreshing native plugins compatible for Editor in 0.30 ms, found 0 plugins.
Preloading 0 native plugins for Editor in 0.00 ms.
Invoked RoslynAnalysisRunner static constructor.
RoslynAnalysisRunner will not be running.
RoslynAnalysisRunner has terminated.
Mono: successfully reloaded assembly
- Completed reload, in  0.747 seconds
Platform modules already initialized, skipping
Refreshing native plugins compatible for Editor in 0.30 ms, found 0 plugins.
Preloading 0 native plugins for Editor in 0.00 ms.
Unloading 1328 Unused Serialized files (Serialized files now loaded: 0)
System memory in use before: 87.6 MB.
System memory in use after: 87.7 MB.

Unloading 7 unused Assets to reduce memory usage. Loaded Objects now: 1857.
Total: 1.686900 ms (FindLiveObjects: 0.158500 ms CreateObjectMapping: 0.036900 ms MarkObjects: 1.408900 ms  DeleteObjects: 0.081400 ms)

========================================================================
Received Import Request.
  Time since last request: 398.568879 seconds.
  path: Assets/Scripts/Spells/SpellCooldownAnimation.cs
  artifactKey: Guid(53af51bf491cfef4aa7885f6a50d1981) Importer(815301076,1909f56bfc062723c751e8b465ee728b)
Start importing Assets/Scripts/Spells/SpellCooldownAnimation.cs using Guid(53af51bf491cfef4aa7885f6a50d1981) Importer(815301076,1909f56bfc062723c751e8b465ee728b)  -> (artifact id: '75c5d166b636567f510fd1fa501f61e0') in 0.004997 seconds
  Import took 0.007108 seconds .

========================================================================
Received Prepare
Registering precompiled user dll's ...
Registered in 0.000965 seconds.
Begin MonoManager ReloadAssembly
Native extension for WindowsStandalone target not found
Refreshing native plugins compatible for Editor in 0.32 ms, found 0 plugins.
Preloading 0 native plugins for Editor in 0.00 ms.
Invoked RoslynAnalysisRunner static constructor.
RoslynAnalysisRunner will not be running.
RoslynAnalysisRunner has terminated.
Mono: successfully reloaded assembly
- Completed reload, in  0.764 seconds
Platform modules already initialized, skipping
Refreshing native plugins compatible for Editor in 0.31 ms, found 0 plugins.
Preloading 0 native plugins for Editor in 0.00 ms.
Unloading 1328 Unused Serialized files (Serialized files now loaded: 0)
System memory in use before: 87.6 MB.
System memory in use after: 87.7 MB.

Unloading 7 unused Assets to reduce memory usage. Loaded Objects now: 1859.
Total: 1.776400 ms (FindLiveObjects: 0.191000 ms CreateObjectMapping: 0.035800 ms MarkObjects: 1.466400 ms  DeleteObjects: 0.082700 ms)

========================================================================
Received Prepare
Registering precompiled user dll's ...
Registered in 0.000822 seconds.
Begin MonoManager ReloadAssembly
Native extension for WindowsStandalone target not found
Refreshing native plugins compatible for Editor in 0.31 ms, found 0 plugins.
Preloading 0 native plugins for Editor in 0.00 ms.
Invoked RoslynAnalysisRunner static constructor.
RoslynAnalysisRunner will not be running.
RoslynAnalysisRunner has terminated.
Mono: successfully reloaded assembly
- Completed reload, in  0.749 seconds
Platform modules already initialized, skipping
Refreshing native plugins compatible for Editor in 0.31 ms, found 0 plugins.
Preloading 0 native plugins for Editor in 0.00 ms.
Unloading 1328 Unused Serialized files (Serialized files now loaded: 0)
System memory in use before: 87.6 MB.
System memory in use after: 87.7 MB.

Unloading 7 unused Assets to reduce memory usage. Loaded Objects now: 1861.
Total: 1.792900 ms (FindLiveObjects: 0.222700 ms CreateObjectMapping: 0.036400 ms MarkObjects: 1.443800 ms  DeleteObjects: 0.088900 ms)

========================================================================
Received Prepare
Registering precompiled user dll's ...
Registered in 0.000976 seconds.
Begin MonoManager ReloadAssembly
Native extension for WindowsStandalone target not found
Refreshing native plugins compatible for Editor in 0.34 ms, found 0 plugins.
Preloading 0 native plugins for Editor in 0.00 ms.
Invoked RoslynAnalysisRunner static constructor.
RoslynAnalysisRunner will not be running.
RoslynAnalysisRunner has terminated.
Mono: successfully reloaded assembly
- Completed reload, in  0.778 seconds
Platform modules already initialized, skipping
Refreshing native plugins compatible for Editor in 0.31 ms, found 0 plugins.
Preloading 0 native plugins for Editor in 0.00 ms.
Unloading 1328 Unused Serialized files (Serialized files now loaded: 0)
System memory in use before: 87.6 MB.
System memory in use after: 87.7 MB.

Unloading 7 unused Assets to reduce memory usage. Loaded Objects now: 1863.
Total: 1.727200 ms (FindLiveObjects: 0.200100 ms CreateObjectMapping: 0.032500 ms MarkObjects: 1.414700 ms  DeleteObjects: 0.079200 ms)

========================================================================
Received Prepare
Registering precompiled user dll's ...
Registered in 0.000873 seconds.
Begin MonoManager ReloadAssembly
Native extension for WindowsStandalone target not found
Refreshing native plugins compatible for Editor in 0.30 ms, found 0 plugins.
Preloading 0 native plugins for Editor in 0.00 ms.
Invoked RoslynAnalysisRunner static constructor.
RoslynAnalysisRunner will not be running.
RoslynAnalysisRunner has terminated.
Mono: successfully reloaded assembly
- Completed reload, in  0.747 seconds
Platform modules already initialized, skipping
Refreshing native plugins compatible for Editor in 0.30 ms, found 0 plugins.
Preloading 0 native plugins for Editor in 0.00 ms.
Unloading 1328 Unused Serialized files (Serialized files now loaded: 0)
System memory in use before: 87.6 MB.
System memory in use after: 87.7 MB.

Unloading 7 unused Assets to reduce memory usage. Loaded Objects now: 1865.
Total: 1.758800 ms (FindLiveObjects: 0.157100 ms CreateObjectMapping: 0.036300 ms MarkObjects: 1.486700 ms  DeleteObjects: 0.077800 ms)

========================================================================
Received Prepare
Registering precompiled user dll's ...
Registered in 0.000941 seconds.
Begin MonoManager ReloadAssembly
Native extension for WindowsStandalone target not found
Refreshing native plugins compatible for Editor in 0.30 ms, found 0 plugins.
Preloading 0 native plugins for Editor in 0.00 ms.
Invoked RoslynAnalysisRunner static constructor.
RoslynAnalysisRunner will not be running.
RoslynAnalysisRunner has terminated.
Mono: successfully reloaded assembly
- Completed reload, in  0.743 seconds
Platform modules already initialized, skipping
Refreshing native plugins compatible for Editor in 0.32 ms, found 0 plugins.
Preloading 0 native plugins for Editor in 0.00 ms.
Unloading 1328 Unused Serialized files (Serialized files now loaded: 0)
System memory in use before: 87.6 MB.
System memory in use after: 87.7 MB.

Unloading 7 unused Assets to reduce memory usage. Loaded Objects now: 1867.
Total: 1.699200 ms (FindLiveObjects: 0.193500 ms CreateObjectMapping: 0.033000 ms MarkObjects: 1.392500 ms  DeleteObjects: 0.079300 ms)

========================================================================
Received Prepare
Registering precompiled user dll's ...
Registered in 0.001032 seconds.
Begin MonoManager ReloadAssembly
Native extension for WindowsStandalone target not found
Refreshing native plugins compatible for Editor in 0.32 ms, found 0 plugins.
Preloading 0 native plugins for Editor in 0.00 ms.
Invoked RoslynAnalysisRunner static constructor.
RoslynAnalysisRunner will not be running.
RoslynAnalysisRunner has terminated.
Mono: successfully reloaded assembly
- Completed reload, in  0.774 seconds
Platform modules already initialized, skipping
Refreshing native plugins compatible for Editor in 0.35 ms, found 0 plugins.
Preloading 0 native plugins for Editor in 0.00 ms.
Unloading 1328 Unused Serialized files (Serialized files now loaded: 0)
System memory in use before: 87.6 MB.
System memory in use after: 87.7 MB.

Unloading 7 unused Assets to reduce memory usage. Loaded Objects now: 1869.
Total: 2.158900 ms (FindLiveObjects: 0.230800 ms CreateObjectMapping: 0.035700 ms MarkObjects: 1.782700 ms  DeleteObjects: 0.108600 ms)

========================================================================
Received Prepare
Registering precompiled user dll's ...
Registered in 0.001073 seconds.
Begin MonoManager ReloadAssembly
Native extension for WindowsStandalone target not found
Refreshing native plugins compatible for Editor in 0.30 ms, found 0 plugins.
Preloading 0 native plugins for Editor in 0.00 ms.
Invoked RoslynAnalysisRunner static constructor.
RoslynAnalysisRunner will not be running.
RoslynAnalysisRunner has terminated.
Mono: successfully reloaded assembly
- Completed reload, in  0.735 seconds
Platform modules already initialized, skipping
Refreshing native plugins compatible for Editor in 0.30 ms, found 0 plugins.
Preloading 0 native plugins for Editor in 0.00 ms.
Unloading 1328 Unused Serialized files (Serialized files now loaded: 0)
System memory in use before: 87.6 MB.
System memory in use after: 87.7 MB.

Unloading 7 unused Assets to reduce memory usage. Loaded Objects now: 1871.
Total: 1.742000 ms (FindLiveObjects: 0.211500 ms CreateObjectMapping: 0.034900 ms MarkObjects: 1.414800 ms  DeleteObjects: 0.079800 ms)

========================================================================
Received Prepare
Registering precompiled user dll's ...
Registered in 0.000960 seconds.
Begin MonoManager ReloadAssembly
Native extension for WindowsStandalone target not found
Refreshing native plugins compatible for Editor in 0.30 ms, found 0 plugins.
Preloading 0 native plugins for Editor in 0.00 ms.
Invoked RoslynAnalysisRunner static constructor.
RoslynAnalysisRunner will not be running.
RoslynAnalysisRunner has terminated.
Mono: successfully reloaded assembly
- Completed reload, in  0.767 seconds
Platform modules already initialized, skipping
Refreshing native plugins compatible for Editor in 0.32 ms, found 0 plugins.
Preloading 0 native plugins for Editor in 0.00 ms.
Unloading 1328 Unused Serialized files (Serialized files now loaded: 0)
System memory in use before: 87.6 MB.
System memory in use after: 87.7 MB.

Unloading 7 unused Assets to reduce memory usage. Loaded Objects now: 1873.
Total: 1.913200 ms (FindLiveObjects: 0.203300 ms CreateObjectMapping: 0.038500 ms MarkObjects: 1.571400 ms  DeleteObjects: 0.099200 ms)

========================================================================
Received Prepare
Registering precompiled user dll's ...
Registered in 0.000871 seconds.
Begin MonoManager ReloadAssembly
Native extension for WindowsStandalone target not found
Refreshing native plugins compatible for Editor in 0.30 ms, found 0 plugins.
Preloading 0 native plugins for Editor in 0.00 ms.
Invoked RoslynAnalysisRunner static constructor.
RoslynAnalysisRunner will not be running.
RoslynAnalysisRunner has terminated.
Mono: successfully reloaded assembly
- Completed reload, in  0.743 seconds
Platform modules already initialized, skipping
Refreshing native plugins compatible for Editor in 0.30 ms, found 0 plugins.
Preloading 0 native plugins for Editor in 0.00 ms.
Unloading 1328 Unused Serialized files (Serialized files now loaded: 0)
System memory in use before: 87.7 MB.
System memory in use after: 87.7 MB.

Unloading 7 unused Assets to reduce memory usage. Loaded Objects now: 1875.
Total: 1.765800 ms (FindLiveObjects: 0.174600 ms CreateObjectMapping: 0.040100 ms MarkObjects: 1.474300 ms  DeleteObjects: 0.075900 ms)

========================================================================
Received Prepare
Registering precompiled user dll's ...
Registered in 0.000940 seconds.
Begin MonoManager ReloadAssembly
Native extension for WindowsStandalone target not found
Refreshing native plugins compatible for Editor in 0.30 ms, found 0 plugins.
Preloading 0 native plugins for Editor in 0.00 ms.
Invoked RoslynAnalysisRunner static constructor.
RoslynAnalysisRunner will not be running.
RoslynAnalysisRunner has terminated.
Mono: successfully reloaded assembly
- Completed reload, in  0.743 seconds
Platform modules already initialized, skipping
Refreshing native plugins compatible for Editor in 0.30 ms, found 0 plugins.
Preloading 0 native plugins for Editor in 0.00 ms.
Unloading 1328 Unused Serialized files (Serialized files now loaded: 0)
System memory in use before: 87.7 MB.
System memory in use after: 87.7 MB.

Unloading 7 unused Assets to reduce memory usage. Loaded Objects now: 1877.
Total: 1.773400 ms (FindLiveObjects: 0.172000 ms CreateObjectMapping: 0.037900 ms MarkObjects: 1.484700 ms  DeleteObjects: 0.077800 ms)

========================================================================
Received Prepare
Registering precompiled user dll's ...
Registered in 0.001062 seconds.
Begin MonoManager ReloadAssembly
Native extension for WindowsStandalone target not found
Refreshing native plugins compatible for Editor in 0.30 ms, found 0 plugins.
Preloading 0 native plugins for Editor in 0.00 ms.
Invoked RoslynAnalysisRunner static constructor.
RoslynAnalysisRunner will not be running.
RoslynAnalysisRunner has terminated.
Mono: successfully reloaded assembly
- Completed reload, in  0.741 seconds
Platform modules already initialized, skipping
Refreshing native plugins compatible for Editor in 0.32 ms, found 0 plugins.
Preloading 0 native plugins for Editor in 0.00 ms.
Unloading 1328 Unused Serialized files (Serialized files now loaded: 0)
System memory in use before: 87.7 MB.
System memory in use after: 87.7 MB.

Unloading 7 unused Assets to reduce memory usage. Loaded Objects now: 1879.
Total: 1.724300 ms (FindLiveObjects: 0.170700 ms CreateObjectMapping: 0.033300 ms MarkObjects: 1.441000 ms  DeleteObjects: 0.077800 ms)

========================================================================
Received Prepare
Registering precompiled user dll's ...
Registered in 0.001046 seconds.
Begin MonoManager ReloadAssembly
Native extension for WindowsStandalone target not found
Refreshing native plugins compatible for Editor in 0.32 ms, found 0 plugins.
Preloading 0 native plugins for Editor in 0.00 ms.
Invoked RoslynAnalysisRunner static constructor.
RoslynAnalysisRunner will not be running.
RoslynAnalysisRunner has terminated.
Mono: successfully reloaded assembly
- Completed reload, in  0.776 seconds
Platform modules already initialized, skipping
Refreshing native plugins compatible for Editor in 0.36 ms, found 0 plugins.
Preloading 0 native plugins for Editor in 0.00 ms.
Unloading 1328 Unused Serialized files (Serialized files now loaded: 0)
System memory in use before: 87.7 MB.
System memory in use after: 87.7 MB.

Unloading 7 unused Assets to reduce memory usage. Loaded Objects now: 1881.
Total: 2.263000 ms (FindLiveObjects: 0.295500 ms CreateObjectMapping: 0.047000 ms MarkObjects: 1.832700 ms  DeleteObjects: 0.086700 ms)

========================================================================
Received Prepare
Registering precompiled user dll's ...
Registered in 0.001063 seconds.
Begin MonoManager ReloadAssembly
Native extension for WindowsStandalone target not found
Refreshing native plugins compatible for Editor in 0.34 ms, found 0 plugins.
Preloading 0 native plugins for Editor in 0.00 ms.
Invoked RoslynAnalysisRunner static constructor.
RoslynAnalysisRunner will not be running.
RoslynAnalysisRunner has terminated.
Mono: successfully reloaded assembly
- Completed reload, in  0.747 seconds
Platform modules already initialized, skipping
Refreshing native plugins compatible for Editor in 0.31 ms, found 0 plugins.
Preloading 0 native plugins for Editor in 0.00 ms.
Unloading 1328 Unused Serialized files (Serialized files now loaded: 0)
System memory in use before: 87.7 MB.
System memory in use after: 87.7 MB.

Unloading 7 unused Assets to reduce memory usage. Loaded Objects now: 1883.
Total: 1.817700 ms (FindLiveObjects: 0.183100 ms CreateObjectMapping: 0.033800 ms MarkObjects: 1.512800 ms  DeleteObjects: 0.086900 ms)

========================================================================
Received Import Request.
  Time since last request: 2837.893144 seconds.
  path: Assets/Stylezed_knife
  artifactKey: Guid(7715acdaa5035f94c9b65712c837ebe0) Importer(815301076,1909f56bfc062723c751e8b465ee728b)
Start importing Assets/Stylezed_knife using Guid(7715acdaa5035f94c9b65712c837ebe0) Importer(815301076,1909f56bfc062723c751e8b465ee728b)  -> (artifact id: '8fc6733bd2156edadf34f032d5e3518e') in 0.009632 seconds
  Import took 0.081175 seconds .

========================================================================
Received Import Request.
  Time since last request: 2.497563 seconds.
  path: Assets/Stylezed_knife/Prefab
  artifactKey: Guid(0997cf81a40c3544daa44f0e540207e2) Importer(815301076,1909f56bfc062723c751e8b465ee728b)
Start importing Assets/Stylezed_knife/Prefab using Guid(0997cf81a40c3544daa44f0e540207e2) Importer(815301076,1909f56bfc062723c751e8b465ee728b)  -> (artifact id: '8b727a79f8dae7f4cab5d35ff648091c') in 0.008132 seconds
  Import took 0.010765 seconds .

========================================================================
Received Import Request.
  Time since last request: 0.064581 seconds.
  path: Assets/Stylezed_knife/Prefab/Stylized_knife.prefab
  artifactKey: Guid(aa5240ded7efb4e4ca4190f6b97de8ff) Importer(815301076,1909f56bfc062723c751e8b465ee728b)
Start importing Assets/Stylezed_knife/Prefab/Stylized_knife.prefab using Guid(aa5240ded7efb4e4ca4190f6b97de8ff) Importer(815301076,1909f56bfc062723c751e8b465ee728b)  -> (artifact id: '74ea273a7df6bad32615b0e6eecb815a') in 0.333465 seconds
  Import took 0.336171 seconds .

========================================================================
Received Import Request.
  Time since last request: 2.135029 seconds.
  path: Assets/Stylezed_knife/Scene
  artifactKey: Guid(f177145210b8a424da84a98383d47591) Importer(815301076,1909f56bfc062723c751e8b465ee728b)
Start importing Assets/Stylezed_knife/Scene using Guid(f177145210b8a424da84a98383d47591) Importer(815301076,1909f56bfc062723c751e8b465ee728b)  -> (artifact id: 'ebac1e4bb887175f886ad50750193c4d') in 0.007058 seconds
  Import took 0.009514 seconds .

========================================================================
Received Import Request.
  Time since last request: 0.679802 seconds.
  path: Assets/Stylezed_knife/Textures
  artifactKey: Guid(eb3a5ef15e977164a9a931e0d018886d) Importer(815301076,1909f56bfc062723c751e8b465ee728b)
Start importing Assets/Stylezed_knife/Textures using Guid(eb3a5ef15e977164a9a931e0d018886d) Importer(815301076,1909f56bfc062723c751e8b465ee728b)  -> (artifact id: '099c8fe1c445d9dc240d806150f384a5') in 0.002772 seconds
  Import took 0.005119 seconds .

========================================================================
Received Import Request.
  Time since last request: 0.071638 seconds.
  path: Assets/Stylezed_knife/Textures/Diffuse_map.tga
  artifactKey: Guid(c021039f80890a64eabf507f3f9394fa) Importer(815301076,1909f56bfc062723c751e8b465ee728b)
Start importing Assets/Stylezed_knife/Textures/Diffuse_map.tga using Guid(c021039f80890a64eabf507f3f9394fa) Importer(815301076,1909f56bfc062723c751e8b465ee728b)  -> (artifact id: '5f56507f11d471f26d929d809e0a98c7') in 0.073669 seconds
  Import took 0.076196 seconds .

========================================================================
Received Import Request.
  Time since last request: 0.000224 seconds.
  path: Assets/Stylezed_knife/Textures/Normal_map.tga
  artifactKey: Guid(2d0f02c0aafcbbe42be6ebd4bd01cdb6) Importer(815301076,1909f56bfc062723c751e8b465ee728b)
Start importing Assets/Stylezed_knife/Textures/Normal_map.tga using Guid(2d0f02c0aafcbbe42be6ebd4bd01cdb6) Importer(815301076,1909f56bfc062723c751e8b465ee728b)  -> (artifact id: '1edc99298fe5ffb77ffd6f8004f9ffd8') in 0.023586 seconds
  Import took 0.025660 seconds .

========================================================================
Received Import Request.
  Time since last request: 0.000149 seconds.
  path: Assets/Stylezed_knife/Textures/Specular_map.tga
  artifactKey: Guid(c55c0b0b5e930244db9af7756ace425c) Importer(815301076,1909f56bfc062723c751e8b465ee728b)
Start importing Assets/Stylezed_knife/Textures/Specular_map.tga using Guid(c55c0b0b5e930244db9af7756ace425c) Importer(815301076,1909f56bfc062723c751e8b465ee728b)  -> (artifact id: '752882fb0cd603527d5a1fc511a26b09') in 0.017350 seconds
  Import took 0.019547 seconds .

========================================================================
Received Import Request.
  Time since last request: 0.002473 seconds.
  path: Assets/Stylezed_knife/Textures/Specular_map.tga
  artifactKey: Guid(c55c0b0b5e930244db9af7756ace425c) Importer(815301076,1909f56bfc062723c751e8b465ee728b)
Start importing Assets/Stylezed_knife/Textures/Specular_map.tga using Guid(c55c0b0b5e930244db9af7756ace425c) Importer(815301076,1909f56bfc062723c751e8b465ee728b)  -> (artifact id: '752882fb0cd603527d5a1fc511a26b09') in 0.008963 seconds
  Import took 0.011049 seconds .

========================================================================
Received Prepare
Registering precompiled user dll's ...
Registered in 0.000878 seconds.
Begin MonoManager ReloadAssembly
Native extension for WindowsStandalone target not found
Refreshing native plugins compatible for Editor in 0.31 ms, found 0 plugins.
Preloading 0 native plugins for Editor in 0.00 ms.
Invoked RoslynAnalysisRunner static constructor.
RoslynAnalysisRunner will not be running.
RoslynAnalysisRunner has terminated.
Mono: successfully reloaded assembly
- Completed reload, in  0.802 seconds
Platform modules already initialized, skipping
Refreshing native plugins compatible for Editor in 0.31 ms, found 0 plugins.
Preloading 0 native plugins for Editor in 0.00 ms.
Unloading 1328 Unused Serialized files (Serialized files now loaded: 0)
System memory in use before: 90.9 MB.
System memory in use after: 90.9 MB.

Unloading 7 unused Assets to reduce memory usage. Loaded Objects now: 1895.
Total: 1.777700 ms (FindLiveObjects: 0.195700 ms CreateObjectMapping: 0.035000 ms MarkObjects: 1.465300 ms  DeleteObjects: 0.080900 ms)

========================================================================
Received Import Request.
  Time since last request: 4814.696778 seconds.
  path: Assets/BallGun.obj
  artifactKey: Guid(e5e910529e58b40479fd890484bb56dd) Importer(815301076,1909f56bfc062723c751e8b465ee728b)
Start importing Assets/BallGun.obj using Guid(e5e910529e58b40479fd890484bb56dd) Importer(815301076,1909f56bfc062723c751e8b465ee728b)  -> (artifact id: '6c51842050ae5c99e8f4c6fa8ed0ec89') in 0.157150 seconds
  Import took 0.162363 seconds .

========================================================================
Received Import Request.
  Time since last request: 30.378650 seconds.
  path: Assets/BallGun.mtl
  artifactKey: Guid(68921480acf60d44c815e86e74e34842) Importer(815301076,1909f56bfc062723c751e8b465ee728b)
Start importing Assets/BallGun.mtl using Guid(68921480acf60d44c815e86e74e34842) Importer(815301076,1909f56bfc062723c751e8b465ee728b)  -> (artifact id: 'e891b90ddd59f828fa26eb0110cbe7db') in 0.005978 seconds
  Import took 0.008412 seconds .

========================================================================
Received Import Request.
  Time since last request: 24.221735 seconds.
  path: Assets/BallGun.fbx
  artifactKey: Guid(498e97a3df785054a9998eba333f2a26) Importer(815301076,1909f56bfc062723c751e8b465ee728b)
Start importing Assets/BallGun.fbx using Guid(498e97a3df785054a9998eba333f2a26) Importer(815301076,1909f56bfc062723c751e8b465ee728b)  -> (artifact id: 'ad6311da1e22b11304f495b19f1f3d0d') in 0.043616 seconds
  Import took 0.046253 seconds .

========================================================================
Received Import Request.
  Time since last request: 36.150759 seconds.
  path: Assets/BallGun.fbx
  artifactKey: Guid(498e97a3df785054a9998eba333f2a26) Importer(815301076,1909f56bfc062723c751e8b465ee728b)
Start importing Assets/BallGun.fbx using Guid(498e97a3df785054a9998eba333f2a26) Importer(815301076,1909f56bfc062723c751e8b465ee728b)  -> (artifact id: 'fe6487d7b0062c922275b888876d1a2b') in 0.035503 seconds
  Import took 0.038085 seconds .

AssetImportWorkerClient::OnTransportError - code=2 error=End of file
